#
# There is insufficient memory for the Java Runtime Environment to continue.
# Native memory allocation (mmap) failed to map 134217728 bytes for G1 virtual space
# Possible reasons:
#   The system is out of physical RAM or swap space
#   The process is running with CompressedOops enabled, and the Java Heap may be blocking the growth of the native heap
# Possible solutions:
#   Reduce memory load on the system
#   Increase physical memory or swap space
#   Check if swap backing store is full
#   Decrease Java heap size (-Xmx/-Xms)
#   Decrease number of Java threads
#   Decrease Java thread stack sizes (-Xss)
#   Set larger code cache with -XX:ReservedCodeCacheSize=
#   JVM is running with Unscaled Compressed Oops mode in which the Java heap is
#     placed in the first 4GB address space. The Java Heap base address is the
#     maximum limit for the native heap growth. Please use -XX:HeapBaseMinAddress
#     to set the Java Heap base and to place the Java Heap above 4GB virtual address.
# This output file may be truncated or incomplete.
#
#  Out of Memory Error (os_windows.cpp:3536), pid=5824, tid=8792
#
# JRE version:  (19.0.2+7) (build )
# Java VM: OpenJDK 64-Bit Server VM (19.0.2+7-44, mixed mode, sharing, tiered, compressed oops, compressed class ptrs, g1 gc, windows-amd64)
# No core dump will be written. Minidumps are not enabled by default on client versions of Windows
#

---------------  S U M M A R Y ------------

Command Line: -agentlib:jdwp=transport=dt_socket,address=127.0.0.1:64324,suspend=y,server=n -javaagent:C:\Users\Wathsala\AppData\Local\JetBrains\IdeaIC2022.2\captureAgent\debugger-agent.jar -Dfile.encoding=UTF-8 -Dsun.stdout.encoding=UTF-8 -Dsun.stderr.encoding=UTF-8 com.wathsala.weather.weatherapp.WeatherappApplication

Host: Intel(R) Core(TM) i7-3632QM CPU @ 2.20GHz, 8 cores, 7G,  Windows 8.1 , 64 bit Build 9600 (6.3.9600.19326)
Time: Tue Feb  7 15:40:05 2023 Sri Lanka Standard Time elapsed time: 0.104369 seconds (0d 0h 0m 0s)

---------------  T H R E A D  ---------------

Current thread (0x00000023f492f000):  JavaThread "Unknown thread" [_thread_in_vm, id=8792, stack(0x00000023f3fc0000,0x00000023f40c0000)]

Stack: [0x00000023f3fc0000,0x00000023f40c0000]
Native frames: (J=compiled Java code, j=interpreted, Vv=VM code, C=native code)
V  [jvm.dll+0x6ee21a]
V  [jvm.dll+0x85765e]
V  [jvm.dll+0x85904e]
V  [jvm.dll+0x859703]
V  [jvm.dll+0x28298f]
V  [jvm.dll+0x6eb009]
V  [jvm.dll+0x6dfbaa]
V  [jvm.dll+0x3573f6]
V  [jvm.dll+0x35ee56]
V  [jvm.dll+0x3b541e]
V  [jvm.dll+0x3b564f]
V  [jvm.dll+0x32c9ea]
V  [jvm.dll+0x32d89e]
V  [jvm.dll+0x821780]
V  [jvm.dll+0x3c2661]
V  [jvm.dll+0x801f51]
V  [jvm.dll+0x44ae8f]
V  [jvm.dll+0x44c811]
C  [jli.dll+0x5287]
C  [ucrtbase.DLL+0x214c2]
C  [KERNEL32.DLL+0x13f2]
C  [ntdll.dll+0x154f4]


---------------  P R O C E S S  ---------------

Threads class SMR info:
_java_thread_list=0x00007ff8eb80d048, length=0, elements={
}

Java Threads: ( => current thread )

Other Threads:
  0x00000023f498f1a0 WorkerThread "GC Thread#0" [stack: 0x00000023ff710000,0x00000023ff810000] [id=9072]
  0x00000023f49a0aa0 ConcurrentGCThread "G1 Main Marker" [stack: 0x00000023ff810000,0x00000023ff910000] [id=6672]
  0x00000023f49a24e0 WorkerThread "G1 Conc#0" [stack: 0x00000023ff910000,0x00000023ffa10000] [id=3436]

[error occurred during error reporting (printing all threads), id 0xc0000005, EXCEPTION_ACCESS_VIOLATION (0xc0000005) at pc=0x00007ff8eafcd427]

VM state: not at safepoint (not fully initialized)

VM Mutex/Monitor currently owned by a thread:  ([mutex/lock_event])
[0x00000023f492c3e0] Heap_lock - owner thread: 0x00000023f492f000

Heap address: 0x0000000081e00000, size: 2018 MB, Compressed Oops mode: 32-bit

CDS archive(s) mapped at: [0x0000000000000000-0x0000000000000000-0x0000000000000000), size 0, SharedBaseAddress: 0x0000000800000000, ArchiveRelocationMode: 0.
Narrow klass base: 0x0000000000000000, Narrow klass shift: 0, Narrow klass range: 0x0

GC Precious Log:
 CardTable entry size: 512
 Card Set container configuration: InlinePtr #cards 5 size 8 Array Of Cards #cards 12 size 40 Howl #buckets 4 coarsen threshold 1843 Howl Bitmap #cards 512 size 80 coarsen threshold 460 Card regions per heap region 1 cards per card region 2048

Heap:
 garbage-first heap   total 0K, used 0K [0x0000000081e00000, 0x0000000100000000)
  region size 1024K, 0 young (0K), 0 survivors (0K)

[error occurred during error reporting (printing heap information), id 0xc0000005, EXCEPTION_ACCESS_VIOLATION (0xc0000005) at pc=0x00007ff8eb3d6649]

GC Heap History (0 events):
No events

Dll operation events (2 events):
Event: 0.017 Loaded shared library C:\Users\Wathsala\.jdks\openjdk-19.0.2\bin\java.dll
Event: 0.018 Loaded shared library C:\Users\Wathsala\.jdks\openjdk-19.0.2\bin\zip.dll

Deoptimization events (0 events):
No events

Classes loaded (0 events):
No events

Classes unloaded (0 events):
No events

Classes redefined (0 events):
No events

Internal exceptions (0 events):
No events

VM Operations (0 events):
No events

Events (0 events):
No events


Dynamic libraries:
0x00007ff7c2af0000 - 0x00007ff7c2afe000 	C:\Users\Wathsala\.jdks\openjdk-19.0.2\bin\java.exe
0x00007ff91d9b0000 - 0x00007ff91db5d000 	C:\Windows\SYSTEM32\ntdll.dll
0x00007ff91bc40000 - 0x00007ff91bd7f000 	C:\Windows\system32\KERNEL32.DLL
0x00007ff91aed0000 - 0x00007ff91afe6000 	C:\Windows\system32\KERNELBASE.dll
0x00007ff90eff0000 - 0x00007ff90f007000 	C:\Users\Wathsala\.jdks\openjdk-19.0.2\bin\jli.dll
0x00007ff90cdb0000 - 0x00007ff90cdcb000 	C:\Users\Wathsala\.jdks\openjdk-19.0.2\bin\VCRUNTIME140.dll
0x00007ff915a80000 - 0x00007ff915a84000 	C:\Users\Wathsala\.jdks\openjdk-19.0.2\bin\api-ms-win-crt-stdio-l1-1-0.dll
0x00007ff90efc0000 - 0x00007ff90efc4000 	C:\Users\Wathsala\.jdks\openjdk-19.0.2\bin\api-ms-win-crt-runtime-l1-1-0.dll
0x00007ff90ef20000 - 0x00007ff90ef23000 	C:\Users\Wathsala\.jdks\openjdk-19.0.2\bin\api-ms-win-crt-environment-l1-1-0.dll
0x00007ff90eed0000 - 0x00007ff90eed5000 	C:\Users\Wathsala\.jdks\openjdk-19.0.2\bin\api-ms-win-crt-math-l1-1-0.dll
0x00007ff90ec40000 - 0x00007ff90ec43000 	C:\Users\Wathsala\.jdks\openjdk-19.0.2\bin\api-ms-win-crt-locale-l1-1-0.dll
0x00007ff9030d0000 - 0x00007ff9030d3000 	C:\Users\Wathsala\.jdks\openjdk-19.0.2\bin\api-ms-win-crt-heap-l1-1-0.dll
0x00007ff917100000 - 0x00007ff91737b000 	C:\Windows\WinSxS\amd64_microsoft.windows.common-controls_6595b64144ccf1df_6.0.9600.19291_none_6248a9f3ecb5e89b\COMCTL32.dll
0x00007ff91bf40000 - 0x00007ff91c0b7000 	C:\Windows\system32\USER32.dll
0x00007ff9030c0000 - 0x00007ff9030c3000 	C:\Users\Wathsala\.jdks\openjdk-19.0.2\bin\api-ms-win-crt-filesystem-l1-1-0.dll
0x00007ff902e70000 - 0x00007ff902e74000 	C:\Users\Wathsala\.jdks\openjdk-19.0.2\bin\api-ms-win-crt-string-l1-1-0.dll
0x00007ff902e60000 - 0x00007ff902e64000 	C:\Users\Wathsala\.jdks\openjdk-19.0.2\bin\api-ms-win-crt-convert-l1-1-0.dll
0x00007ff91bb90000 - 0x00007ff91bc3a000 	C:\Windows\system32\msvcrt.dll
0x00007ff91b040000 - 0x00007ff91b18c000 	C:\Windows\system32\GDI32.dll
0x00007ff8f41e0000 - 0x00007ff8f42e0000 	C:\Users\Wathsala\.jdks\openjdk-19.0.2\bin\ucrtbase.DLL
0x00007ff91bb50000 - 0x00007ff91bb86000 	C:\Windows\system32\IMM32.DLL
0x00007ff91bd80000 - 0x00007ff91bed1000 	C:\Windows\system32\MSCTF.dll
0x00007ff8fe170000 - 0x00007ff8fe17c000 	C:\Users\Wathsala\.jdks\openjdk-19.0.2\bin\vcruntime140_1.dll
0x00007ff8f5130000 - 0x00007ff8f51be000 	C:\Users\Wathsala\.jdks\openjdk-19.0.2\bin\msvcp140.dll
0x00007ff8fe160000 - 0x00007ff8fe163000 	C:\Users\Wathsala\.jdks\openjdk-19.0.2\bin\api-ms-win-crt-time-l1-1-0.dll
0x00007ff8fe120000 - 0x00007ff8fe123000 	C:\Users\Wathsala\.jdks\openjdk-19.0.2\bin\api-ms-win-crt-utility-l1-1-0.dll
0x00007ff8eac90000 - 0x00007ff8eb950000 	C:\Users\Wathsala\.jdks\openjdk-19.0.2\bin\server\jvm.dll
0x00007ff91b2d0000 - 0x00007ff91b37a000 	C:\Windows\system32\ADVAPI32.dll
0x00007ff912d60000 - 0x00007ff912d69000 	C:\Windows\SYSTEM32\WSOCK32.dll
0x00007ff90e640000 - 0x00007ff90e662000 	C:\Windows\SYSTEM32\WINMM.dll
0x00007ff914420000 - 0x00007ff91442a000 	C:\Windows\SYSTEM32\VERSION.dll
0x00007ff91d6e0000 - 0x00007ff91d739000 	C:\Windows\SYSTEM32\sechost.dll
0x00007ff91b190000 - 0x00007ff91b2d0000 	C:\Windows\system32\RPCRT4.dll
0x00007ff91d680000 - 0x00007ff91d6da000 	C:\Windows\system32\WS2_32.dll
0x00007ff90e610000 - 0x00007ff90e63a000 	C:\Windows\SYSTEM32\WINMMBASE.dll
0x00007ff91abb0000 - 0x00007ff91abde000 	C:\Windows\system32\SspiCli.dll
0x00007ff91c0c0000 - 0x00007ff91c0c9000 	C:\Windows\system32\NSI.dll
0x00007ff91aff0000 - 0x00007ff91b03f000 	C:\Windows\SYSTEM32\cfgmgr32.dll
0x00007ff919920000 - 0x00007ff919948000 	C:\Windows\SYSTEM32\DEVOBJ.dll
0x00007ff8fe110000 - 0x00007ff8fe11a000 	C:\Users\Wathsala\.jdks\openjdk-19.0.2\bin\jimage.dll
0x00007ff90e480000 - 0x00007ff90e609000 	C:\Windows\SYSTEM32\DBGHELP.DLL
0x00007ff8f74a0000 - 0x00007ff8f74dc000 	C:\Users\Wathsala\.jdks\openjdk-19.0.2\bin\jdwp.dll
0x00007ff90e6c0000 - 0x00007ff90e6ce000 	C:\Users\Wathsala\.jdks\openjdk-19.0.2\bin\instrument.dll
0x00007ff8fe0e0000 - 0x00007ff8fe106000 	C:\Users\Wathsala\.jdks\openjdk-19.0.2\bin\java.dll
0x00007ff8fdb90000 - 0x00007ff8fdba8000 	C:\Users\Wathsala\.jdks\openjdk-19.0.2\bin\zip.dll

dbghelp: loaded successfully - version: 4.0.5 - missing functions: none
symbol engine: initialized successfully - sym options: 0x614 - pdb path: .;C:\Users\Wathsala\.jdks\openjdk-19.0.2\bin;C:\Windows\SYSTEM32;C:\Windows\WinSxS\amd64_microsoft.windows.common-controls_6595b64144ccf1df_6.0.9600.19291_none_6248a9f3ecb5e89b;C:\Users\Wathsala\.jdks\openjdk-19.0.2\bin\server

VM Arguments:
jvm_args: -agentlib:jdwp=transport=dt_socket,address=127.0.0.1:64324,suspend=y,server=n -javaagent:C:\Users\Wathsala\AppData\Local\JetBrains\IdeaIC2022.2\captureAgent\debugger-agent.jar -Dfile.encoding=UTF-8 -Dsun.stdout.encoding=UTF-8 -Dsun.stderr.encoding=UTF-8 
java_command: com.wathsala.weather.weatherapp.WeatherappApplication
java_class_path (initial): D:\Interviews\weatherapp\weatherapp\target\classes;C:\Users\Wathsala\.m2\repository\org\springframework\boot\spring-boot-starter-thymeleaf\3.0.2\spring-boot-starter-thymeleaf-3.0.2.jar;C:\Users\Wathsala\.m2\repository\org\springframework\boot\spring-boot-starter\3.0.2\spring-boot-starter-3.0.2.jar;C:\Users\Wathsala\.m2\repository\org\springframework\boot\spring-boot-starter-logging\3.0.2\spring-boot-starter-logging-3.0.2.jar;C:\Users\Wathsala\.m2\repository\ch\qos\logback\logback-classic\1.4.5\logback-classic-1.4.5.jar;C:\Users\Wathsala\.m2\repository\ch\qos\logback\logback-core\1.4.5\logback-core-1.4.5.jar;C:\Users\Wathsala\.m2\repository\org\apache\logging\log4j\log4j-to-slf4j\2.19.0\log4j-to-slf4j-2.19.0.jar;C:\Users\Wathsala\.m2\repository\org\apache\logging\log4j\log4j-api\2.19.0\log4j-api-2.19.0.jar;C:\Users\Wathsala\.m2\repository\org\slf4j\jul-to-slf4j\2.0.6\jul-to-slf4j-2.0.6.jar;C:\Users\Wathsala\.m2\repository\jakarta\annotation\jakarta.annotation-api\2.1.1\jakarta.annotation-api-2.1.1.jar;C:\Users\Wathsala\.m2\repository\org\yaml\snakeyaml\1.33\snakeyaml-1.33.jar;C:\Users\Wathsala\.m2\repository\org\thymeleaf\thymeleaf-spring6\3.1.1.RELEASE\thymeleaf-spring6-3.1.1.RELEASE.jar;C:\Users\Wathsala\.m2\repository\org\thymeleaf\thymeleaf\3.1.1.RELEASE\thymeleaf-3.1.1.RELEASE.jar;C:\Users\Wathsala\.m2\repository\org\attoparser\attoparser\2.0.6.RELEASE\attoparser-2.0.6.RELEASE.jar;C:\Users\Wathsala\.m2\repository\org\unbescape\unbescape\1.1.6.RELEASE\unbescape-1.1.6.RELEASE.jar;C:\Users\Wathsala\.m2\repository\org\slf4j\slf4j-api\2.0.6\slf4j-api-2.0.6.jar;C:\Users\Wathsala\.m2\repository\org\springframework\boot\spring-boot-starter-web\3.0.2\spring-boot-starter-web-3.0.2.jar;C:\Users\Wathsala\.m2\repository\org\springframework\boot\spring-boot-starter-json\3.0.2\spring-boot-starter-json-3.0.2.jar;C:\Users\Wathsala\.m2\repository\com\fasterxml\jackson\core\jackson-databind\2.14.1\jackson-databind-2.14.1.jar;C:\Users\Wathsala\.m2\repository\com\fasterxml\jackson\core\jackson-annotations\2.14.1\jackson-annotations-2.14.1.jar;C:\Users\Wathsala\.m2\repository\com\fasterxml\jackson\core\jackson-core\2.14.1\jackson-core-2.14.1.jar;C:\Users\Wathsala\.m2\repository\com\fasterxml\jackson\datatype\jackson-datatype-jdk8\2.14.1\jackson-datatype-jdk8-2.14.1.jar;C:\Users\Wathsala\.m2\repository\com\fasterxml\jackson\datatype\jackson-datatype-jsr310\2.14.1\jackson-datatype-jsr310-2.14.1.jar;C:\Users\Wathsala\.m2\repository\com\fasterxml\jackson\module\jackson-module-parameter-names\2.14.1\jackson-module-parameter-names-2.14.1.jar;C:\Users\Wathsala\.m2\repository\org\springframework\boot\spring-boot-starter-tomcat\3.0.2\spring-boot-starter-tomcat-3.0.2.jar;C:\Users\Wathsala\.m2\repository\org\apache\tomcat\embed\tomcat-embed-core\10.1.5\tomcat-embed-core-10.1.5.jar;C:\Users\Wathsala\.m2\repository\org\apache\tomcat\embed\tomcat-embed-el\10.1.5\tomcat-embed-el-10.1.5.jar;C:\Users\Wathsala\.m2\repository\org\apache\tomcat\embed\tomcat-embed-websocket\10.1.5\tomcat-embed-websocket-10.1.5.jar;C:\Users\Wathsala\.m2\repository\org\springframework\spring-web\6.0.4\spring-web-6.0.4.jar;C:\Users\Wathsala\.m2\repository\org\springframework\spring-beans\6.0.4\spring-beans-6.0.4.jar;C:\Users\Wathsala\.m2\repository\io\micrometer\micrometer-observation\1.10.3\micrometer-observation-1.10.3.jar;C:\Users\Wathsala\.m2\repository\io\micrometer\micrometer-commons\1.10.3\micrometer-commons-1.10.3.jar;C:\Users\Wathsala\.m2\repository\org\springframework\spring-webmvc\6.0.4\spring-webmvc-6.0.4.jar;C:\Users\Wathsala\.m2\repository\org\springframework\spring-aop\6.0.4\spring-aop-6.0.4.jar;C:\Users\Wathsala\.m2\repository\org\springframework\spring-context\6.0.4\spring-context-6.0.4.jar;C:\Users\Wathsala\.m2\repository\org\springframework\spring-expression\6.0.4\spring-expression-6.0.4.jar;C:\Users\Wathsala\.m2\repository\org\springframework\boot\spring-boot-devtools\3.0.2\spring-boot-devtools-3.0.2.jar;C:\Users\Wathsala\.m2\repository\org\springframework\boot\spring-boot\3.0.2\spring-boot-3.0.2.jar;C:\Users\Wathsala\.m2\repository\org\springframework\boot\spring-boot-autoconfigure\3.0.2\spring-boot-autoconfigure-3.0.2.jar;C:\Users\Wathsala\.m2\repository\org\springframework\spring-core\6.0.4\spring-core-6.0.4.jar;C:\Users\Wathsala\.m2\repository\org\springframework\spring-jcl\6.0.4\spring-jcl-6.0.4.jar;C:\Users\Wathsala\.m2\repository\org\webjars\bootstrap\3.3.7-1\bootstrap-3.3.7-1.jar;C:\Users\Wathsala\.m2\repository\org\webjars\jquery\3.1.1\jquery-3.1.1.jar;C:\Program Files\JetBrains\IntelliJ IDEA Community Edition 2022.2.1\lib\idea_rt.jar
Launcher Type: SUN_STANDARD

[Global flags]
     intx CICompilerCount                          = 4                                         {product} {ergonomic}
     uint ConcGCThreads                            = 2                                         {product} {ergonomic}
     uint G1ConcRefinementThreads                  = 8                                         {product} {ergonomic}
   size_t G1HeapRegionSize                         = 1048576                                   {product} {ergonomic}
    uintx GCDrainStackTargetSize                   = 64                                        {product} {ergonomic}
   size_t InitialHeapSize                          = 134217728                                 {product} {ergonomic}
   size_t MarkStackSize                            = 4194304                                   {product} {ergonomic}
   size_t MaxHeapSize                              = 2116026368                                {product} {ergonomic}
   size_t MinHeapDeltaBytes                        = 1048576                                   {product} {ergonomic}
   size_t MinHeapSize                              = 8388608                                   {product} {ergonomic}
    uintx NonNMethodCodeHeapSize                   = 5839372                                {pd product} {ergonomic}
    uintx NonProfiledCodeHeapSize                  = 122909434                              {pd product} {ergonomic}
    uintx ProfiledCodeHeapSize                     = 122909434                              {pd product} {ergonomic}
    uintx ReservedCodeCacheSize                    = 251658240                              {pd product} {ergonomic}
     bool SegmentedCodeCache                       = true                                      {product} {ergonomic}
   size_t SoftMaxHeapSize                          = 2116026368                             {manageable} {ergonomic}
     bool UseCompressedClassPointers               = true                           {product lp64_product} {ergonomic}
     bool UseCompressedOops                        = true                           {product lp64_product} {ergonomic}
     bool UseG1GC                                  = true                                      {product} {ergonomic}
     bool UseLargePagesIndividualAllocation        = false                                  {pd product} {ergonomic}

Logging:
Log output configuration:
 #0: stdout all=warning uptime,level,tags foldmultilines=false
 #1: stderr all=off uptime,level,tags foldmultilines=false

Environment Variables:
JAVA_HOME=C:\Program Files\Java\jdk1.8.0_251
PATH=C:\Program Files (x86)\Intel\iCLS Client\;C:\Program Files\Intel\iCLS Client\;C:\Program Files\Microsoft MPI\Bin\;C:\Program Files (x86)\Common Files\Intel\Shared Files\cpp\bin\Intel64;C:\Windows\system32;C:\Windows;C:\Windows\System32\Wbem;C:\Windows\System32\WindowsPowerShell\v1.0\;C:\Program Files\Microsoft SQL Server\130\Tools\Binn\;C:\Program Files\MongoDB\Server\3.4\bin;C:\TDM-GCC-32\bin;C:\Program Files\dotnet\;C:\composer;C:\Program Files\Microsoft SQL Server\Client SDK\ODBC\130\Tools\Binn\;C:\Program Files (x86)\Microsoft SQL Server\140\Tools\Binn\;C:\Program Files\Microsoft SQL Server\140\Tools\Binn\;C:\Program Files\Microsoft SQL Server\140\DTS\Binn\;C:\Program Files (x86)\Microsoft SQL Server\140\DTS\Binn\;C:\Program Files\Microsoft VS Code\bin;C:\Users\Wathsala\AppData\Local\Programs\Python\Python37;C:\Program Files\Intel\Intel(R) Management Engine Components\DAL;C:\Program Files\Intel\Intel(R) Management Engine Components\IPT;C:\Program Files (x86)\Intel\Intel(R) Management Engine Components\DAL;C:\Program Files (x86)\Intel\Intel(R) Management Engine Components\IPT;C:\Program Files\Amazon\AWSCLI\bin\;C:\xampp2\php;C:\Program Files\Apache Software Foundation\Tomcat 9.0\bin;C:\Users\Wathsala\AppData\Local\Programs\Python\Python39\Scripts;C:\Program Files\nodejs\;C:\Program Files\PuTTY\;C:\Program Files\Git\cmd;C:\Program Files\Java\jdk1.8.0_251\bin;C:\Users\Wathsala\AppData\Local\Programs\Python\Python39\Scripts\;C:\Users\Wathsala\AppData\Local\Programs\Python\Python39\;C:\Users\Wathsala\AppData\Local\.meteor\;C:\Users\Wathsala\AppData\Local\Google\Cloud SDK\google-cloud-sdk\bin;C:\Program Files\Microsoft VS Code\bin;C:\Users\Wathsala\AppData\Roaming\Composer\vendor\bin;C:\Program Files\Java\jdk1.8.0_161\bin;E:\java;C:\Users\Wathsala\AppData\Local\Programs\Python\Python37\Scripts;C:\Program Files\Amazon\AWSCLI\bin;C:\Program Files\Java\jdk1.8.0_251\bin;E:\SW\mongo\mongodb-win32-x86_64-windows-4.4.2\bin;C:\Program Files\Apache Software Foundation\Tomcat 9.0\bin;C:\Users\Wathsala\AppData\Roaming\npm;C:\Program Files\Java\jdk1.8.0_251\bin
USERNAME=Wathsala
OS=Windows_NT
PROCESSOR_IDENTIFIER=Intel64 Family 6 Model 58 Stepping 9, GenuineIntel
TMP=C:\Users\Wathsala\AppData\Local\Temp
TEMP=C:\Users\Wathsala\AppData\Local\Temp



---------------  S Y S T E M  ---------------

OS:
 Windows 8.1 , 64 bit Build 9600 (6.3.9600.19326)
OS uptime: 1 days 3:47 hours

CPU: total 8 (initial active 8) (4 cores per cpu, 2 threads per core) family 6 model 58 stepping 9 microcode 0x1b, cx8, cmov, fxsr, ht, mmx, sse, sse2, sse3, ssse3, sse4.1, sse4.2, popcnt, tsc, tscinvbit, avx, aes, erms, clmul, vzeroupper, clflush, rdtscp

Memory: 4k page, system-wide physical 8067M (1309M free)
TotalPageFile size 11139M (AvailPageFile size 106M)
current process WorkingSet (physical memory assigned to process): 10M, peak: 10M
current process commit charge ("private bytes"): 60M, peak: 188M

vm_info: OpenJDK 64-Bit Server VM (19.0.2+7-44) for windows-amd64 JRE (19.0.2+7-44), built on 2022-11-30T18:02:09Z by "mach5one" with MS VC++ 17.1 (VS2022)

END.
