#
# There is insufficient memory for the Java Runtime Environment to continue.
# Native memory allocation (malloc) failed to allocate 1215216 bytes for Chunk::new
# Possible reasons:
#   The system is out of physical RAM or swap space
#   The process is running with CompressedOops enabled, and the Java Heap may be blocking the growth of the native heap
# Possible solutions:
#   Reduce memory load on the system
#   Increase physical memory or swap space
#   Check if swap backing store is full
#   Decrease Java heap size (-Xmx/-Xms)
#   Decrease number of Java threads
#   Decrease Java thread stack sizes (-Xss)
#   Set larger code cache with -XX:ReservedCodeCacheSize=
#   JVM is running with Unscaled Compressed Oops mode in which the Java heap is
#     placed in the first 4GB address space. The Java Heap base address is the
#     maximum limit for the native heap growth. Please use -XX:HeapBaseMinAddress
#     to set the Java Heap base and to place the Java Heap above 4GB virtual address.
# This output file may be truncated or incomplete.
#
#  Out of Memory Error (arena.cpp:184), pid=10676, tid=2204
#
# JRE version: OpenJDK Runtime Environment (19.0.2+7) (build 19.0.2+7-44)
# Java VM: OpenJDK 64-Bit Server VM (19.0.2+7-44, mixed mode, sharing, tiered, compressed oops, compressed class ptrs, g1 gc, windows-amd64)
# No core dump will be written. Minidumps are not enabled by default on client versions of Windows
#

---------------  S U M M A R Y ------------

Command Line: -agentlib:jdwp=transport=dt_socket,address=127.0.0.1:63510,suspend=y,server=n -javaagent:C:\Users\Wathsala\AppData\Local\JetBrains\IdeaIC2022.2\captureAgent\debugger-agent.jar -Dfile.encoding=UTF-8 -Dsun.stdout.encoding=UTF-8 -Dsun.stderr.encoding=UTF-8 com.wathsala.weather.weatherapp.WeatherappApplication

Host: Intel(R) Core(TM) i7-3632QM CPU @ 2.20GHz, 8 cores, 7G,  Windows 8.1 , 64 bit Build 9600 (6.3.9600.19326)
Time: Tue Feb  7 14:14:18 2023 Sri Lanka Standard Time elapsed time: 4.451914 seconds (0d 0h 0m 4s)

---------------  T H R E A D  ---------------

Current thread (0x000000e4bfc6eb90):  JavaThread "C2 CompilerThread0" daemon [_thread_in_native, id=2204, stack(0x000000e4c4e00000,0x000000e4c4f00000)]


Current CompileTask:
C2:   4452 2013   !   4       java.net.URL::<init> (543 bytes)

Stack: [0x000000e4c4e00000,0x000000e4c4f00000]
Native frames: (J=compiled Java code, j=interpreted, Vv=VM code, C=native code)
V  [jvm.dll+0x6ee21a]
V  [jvm.dll+0x85765e]
V  [jvm.dll+0x85904e]
V  [jvm.dll+0x859703]
V  [jvm.dll+0x28298f]
V  [jvm.dll+0xc9adf]
V  [jvm.dll+0xc9e65]
V  [jvm.dll+0x3bca12]
V  [jvm.dll+0x3860e1]
V  [jvm.dll+0x38555a]
V  [jvm.dll+0x24c3d9]
V  [jvm.dll+0x24b781]
V  [jvm.dll+0x1d6ce1]
V  [jvm.dll+0x25b25a]
V  [jvm.dll+0x2596e8]
V  [jvm.dll+0x807588]
V  [jvm.dll+0x80125a]
V  [jvm.dll+0x6ecf0b]
C  [ucrtbase.DLL+0x214c2]
C  [KERNEL32.DLL+0x13f2]
C  [ntdll.dll+0x154f4]


---------------  P R O C E S S  ---------------

Threads class SMR info:
_java_thread_list=0x000000e4c6883540, length=18, elements={
0x000000e4a14bf000, 0x000000e4bfc59c20, 0x000000e4bfc5aa10, 0x000000e4bfc5d2f0,
0x000000e4bfc5df80, 0x000000e4bfc5eab0, 0x000000e4bfc6b550, 0x000000e4bfc6eb90,
0x000000e4bfc6f500, 0x000000e4bfc6fe70, 0x000000e4bfc345c0, 0x000000e4c4bb2110,
0x000000e4c4bfd4f0, 0x000000e4c4c05a50, 0x000000e4c4c14560, 0x000000e4c612a830,
0x000000e4c612ad70, 0x000000e4c6197e90
}

Java Threads: ( => current thread )
  0x000000e4a14bf000 JavaThread "main" [_thread_blocked, id=6616, stack(0x000000e49f420000,0x000000e49f520000)]
  0x000000e4bfc59c20 JavaThread "Reference Handler" daemon [_thread_blocked, id=8212, stack(0x000000e4c4400000,0x000000e4c4500000)]
  0x000000e4bfc5aa10 JavaThread "Finalizer" daemon [_thread_blocked, id=2268, stack(0x000000e4c4500000,0x000000e4c4600000)]
  0x000000e4bfc5d2f0 JavaThread "Signal Dispatcher" daemon [_thread_blocked, id=9004, stack(0x000000e4c4600000,0x000000e4c4700000)]
  0x000000e4bfc5df80 JavaThread "Attach Listener" daemon [_thread_blocked, id=11028, stack(0x000000e4c4700000,0x000000e4c4800000)]
  0x000000e4bfc5eab0 JavaThread "Service Thread" daemon [_thread_blocked, id=3936, stack(0x000000e4c4800000,0x000000e4c4900000)]
  0x000000e4bfc6b550 JavaThread "Monitor Deflation Thread" daemon [_thread_blocked, id=7372, stack(0x000000e4c4900000,0x000000e4c4a00000)]
=>0x000000e4bfc6eb90 JavaThread "C2 CompilerThread0" daemon [_thread_in_native, id=2204, stack(0x000000e4c4e00000,0x000000e4c4f00000)]
  0x000000e4bfc6f500 JavaThread "C1 CompilerThread0" daemon [_thread_blocked, id=6996, stack(0x000000e4c4f00000,0x000000e4c5000000)]
  0x000000e4bfc6fe70 JavaThread "Sweeper thread" daemon [_thread_blocked, id=1588, stack(0x000000e4c5000000,0x000000e4c5100000)]
  0x000000e4bfc345c0 JavaThread "Common-Cleaner" daemon [_thread_blocked, id=4808, stack(0x000000e4c5100000,0x000000e4c5200000)]
  0x000000e4c4bb2110 JavaThread "JDWP Transport Listener: dt_socket" daemon [_thread_blocked, id=9080, stack(0x000000e4c5200000,0x000000e4c5300000)]
  0x000000e4c4bfd4f0 JavaThread "JDWP Event Helper Thread" daemon [_thread_blocked, id=7576, stack(0x000000e4c5300000,0x000000e4c5400000)]
  0x000000e4c4c05a50 JavaThread "JDWP Command Reader" daemon [_thread_in_native, id=5116, stack(0x000000e4c5400000,0x000000e4c5500000)]
  0x000000e4c4c14560 JavaThread "Notification Thread" daemon [_thread_blocked, id=8412, stack(0x000000e4c5500000,0x000000e4c5600000)]
  0x000000e4c612a830 JavaThread "Thread-0" [_thread_blocked, id=7860, stack(0x000000e4c5f00000,0x000000e4c6000000)]
  0x000000e4c612ad70 JavaThread "restartedMain" [_thread_in_vm, id=9492, stack(0x000000e4c70c0000,0x000000e4c71c0000)]
  0x000000e4c6197e90 JavaThread "C2 CompilerThread1" daemon [_thread_blocked, id=5600, stack(0x000000e4c79c0000,0x000000e4c7ac0000)]

Other Threads:
  0x000000e4bfc48a20 VMThread "VM Thread" [stack: 0x000000e4c01c0000,0x000000e4c02c0000] [id=9088] _threads_hazard_ptr=0x000000e4c6883540
  0x000000e4c4c14aa0 WatcherThread "VM Periodic Task Thread" [stack: 0x000000e4c5600000,0x000000e4c5700000] [id=8972]
  0x000000e4a151f1a0 WorkerThread "GC Thread#0" [stack: 0x000000e4bd230000,0x000000e4bd330000] [id=9580]
  0x000000e4c61960f0 WorkerThread "GC Thread#1" [stack: 0x000000e4c71c0000,0x000000e4c72c0000] [id=7180]
  0x000000e4c61874b0 WorkerThread "GC Thread#2" [stack: 0x000000e4c72c0000,0x000000e4c73c0000] [id=11032]
  0x000000e4c6271430 WorkerThread "GC Thread#3" [stack: 0x000000e4c73c0000,0x000000e4c74c0000] [id=5108]
  0x000000e4c6271700 WorkerThread "GC Thread#4" [stack: 0x000000e4c74c0000,0x000000e4c75c0000] [id=8804]
  0x000000e4c62719d0 WorkerThread "GC Thread#5" [stack: 0x000000e4c75c0000,0x000000e4c76c0000] [id=10600]
  0x000000e4c5bb72d0 WorkerThread "GC Thread#6" [stack: 0x000000e4c77c0000,0x000000e4c78c0000] [id=9524]
  0x000000e4c62cc200 WorkerThread "GC Thread#7" [stack: 0x000000e4c78c0000,0x000000e4c79c0000] [id=8548]
  0x000000e4a1530aa0 ConcurrentGCThread "G1 Main Marker" [stack: 0x000000e4bd330000,0x000000e4bd430000] [id=2256]
  0x000000e4a15324e0 WorkerThread "G1 Conc#0" [stack: 0x000000e4bd430000,0x000000e4bd530000] [id=6328]
  0x000000e4bfaff8e0 ConcurrentGCThread "G1 Refine#0" [stack: 0x000000e4bffc0000,0x000000e4c00c0000] [id=5952]
  0x000000e4bfb00420 ConcurrentGCThread "G1 Service" [stack: 0x000000e4c00c0000,0x000000e4c01c0000] [id=5476]

Threads with active compile tasks:
C2 CompilerThread0     4829 2013   !   4       java.net.URL::<init> (543 bytes)

VM state: synchronizing (normal execution)

VM Mutex/Monitor currently owned by a thread:  ([mutex/lock_event])
[0x000000e4a14b9d20] Metaspace_lock - owner thread: 0x000000e4c612ad70
[0x000000e4a14bba50] Threads_lock - owner thread: 0x000000e4bfc48a20

Heap address: 0x0000000081e00000, size: 2018 MB, Compressed Oops mode: 32-bit

CDS archive(s) mapped at: [0x0000000800000000-0x0000000800c40000-0x0000000800c40000), size 12845056, SharedBaseAddress: 0x0000000800000000, ArchiveRelocationMode: 0.
Compressed class space mapped at: 0x0000000801000000-0x0000000841000000, reserved size: 1073741824
Narrow klass base: 0x0000000800000000, Narrow klass shift: 0, Narrow klass range: 0x100000000

GC Precious Log:
 CardTable entry size: 512
 Card Set container configuration: InlinePtr #cards 5 size 8 Array Of Cards #cards 12 size 40 Howl #buckets 4 coarsen threshold 1843 Howl Bitmap #cards 512 size 80 coarsen threshold 460 Card regions per heap region 1 cards per card region 2048
 CPUs: 8 total, 8 available
 Memory: 8067M
 Large Page Support: Disabled
 NUMA Support: Disabled
 Compressed Oops: Enabled (32-bit)
 Heap Region Size: 1M
 Heap Min Capacity: 8M
 Heap Initial Capacity: 128M
 Heap Max Capacity: 2018M
 Pre-touch: Disabled
 Parallel Workers: 8
 Concurrent Workers: 2
 Concurrent Refinement Workers: 8
 Periodic GC: Disabled

Heap:
 garbage-first heap   total 131072K, used 28030K [0x0000000081e00000, 0x0000000100000000)
  region size 1024K, 26 young (26624K), 3 survivors (3072K)
 Metaspace       used 16307K, committed 16512K, reserved 1114112K
  class space    used 1929K, committed 2048K, reserved 1048576K

Heap Regions: E=young(eden), S=young(survivor), O=old, HS=humongous(starts), HC=humongous(continues), CS=collection set, F=free, OA=open archive, CA=closed archive, TAMS=top-at-mark-start (previous, next)
|   0|0x0000000081e00000, 0x0000000081f00000, 0x0000000081f00000|100%| O|  |TAMS 0x0000000081e00000, 0x0000000081e00000| Untracked 
|   1|0x0000000081f00000, 0x0000000082000000, 0x0000000082000000|100%| O|  |TAMS 0x0000000081f00000, 0x0000000081f00000| Untracked 
|   2|0x0000000082000000, 0x0000000082100000, 0x0000000082100000|100%| O|  |TAMS 0x0000000082000000, 0x0000000082000000| Untracked 
|   3|0x0000000082100000, 0x00000000821d6c00, 0x0000000082200000| 83%| O|  |TAMS 0x0000000082100000, 0x0000000082100000| Untracked 
|   4|0x0000000082200000, 0x0000000082200000, 0x0000000082300000|  0%| F|  |TAMS 0x0000000082200000, 0x0000000082200000| Untracked 
|   5|0x0000000082300000, 0x0000000082300000, 0x0000000082400000|  0%| F|  |TAMS 0x0000000082300000, 0x0000000082300000| Untracked 
|   6|0x0000000082400000, 0x0000000082400000, 0x0000000082500000|  0%| F|  |TAMS 0x0000000082400000, 0x0000000082400000| Untracked 
|   7|0x0000000082500000, 0x0000000082500000, 0x0000000082600000|  0%| F|  |TAMS 0x0000000082500000, 0x0000000082500000| Untracked 
|   8|0x0000000082600000, 0x0000000082600000, 0x0000000082700000|  0%| F|  |TAMS 0x0000000082600000, 0x0000000082600000| Untracked 
|   9|0x0000000082700000, 0x0000000082700000, 0x0000000082800000|  0%| F|  |TAMS 0x0000000082700000, 0x0000000082700000| Untracked 
|  10|0x0000000082800000, 0x0000000082800000, 0x0000000082900000|  0%| F|  |TAMS 0x0000000082800000, 0x0000000082800000| Untracked 
|  11|0x0000000082900000, 0x0000000082900000, 0x0000000082a00000|  0%| F|  |TAMS 0x0000000082900000, 0x0000000082900000| Untracked 
|  12|0x0000000082a00000, 0x0000000082a00000, 0x0000000082b00000|  0%| F|  |TAMS 0x0000000082a00000, 0x0000000082a00000| Untracked 
|  13|0x0000000082b00000, 0x0000000082b00000, 0x0000000082c00000|  0%| F|  |TAMS 0x0000000082b00000, 0x0000000082b00000| Untracked 
|  14|0x0000000082c00000, 0x0000000082c00000, 0x0000000082d00000|  0%| F|  |TAMS 0x0000000082c00000, 0x0000000082c00000| Untracked 
|  15|0x0000000082d00000, 0x0000000082d00000, 0x0000000082e00000|  0%| F|  |TAMS 0x0000000082d00000, 0x0000000082d00000| Untracked 
|  16|0x0000000082e00000, 0x0000000082e00000, 0x0000000082f00000|  0%| F|  |TAMS 0x0000000082e00000, 0x0000000082e00000| Untracked 
|  17|0x0000000082f00000, 0x0000000082f00000, 0x0000000083000000|  0%| F|  |TAMS 0x0000000082f00000, 0x0000000082f00000| Untracked 
|  18|0x0000000083000000, 0x0000000083000000, 0x0000000083100000|  0%| F|  |TAMS 0x0000000083000000, 0x0000000083000000| Untracked 
|  19|0x0000000083100000, 0x0000000083100000, 0x0000000083200000|  0%| F|  |TAMS 0x0000000083100000, 0x0000000083100000| Untracked 
|  20|0x0000000083200000, 0x0000000083200000, 0x0000000083300000|  0%| F|  |TAMS 0x0000000083200000, 0x0000000083200000| Untracked 
|  21|0x0000000083300000, 0x0000000083300000, 0x0000000083400000|  0%| F|  |TAMS 0x0000000083300000, 0x0000000083300000| Untracked 
|  22|0x0000000083400000, 0x0000000083400000, 0x0000000083500000|  0%| F|  |TAMS 0x0000000083400000, 0x0000000083400000| Untracked 
|  23|0x0000000083500000, 0x0000000083500000, 0x0000000083600000|  0%| F|  |TAMS 0x0000000083500000, 0x0000000083500000| Untracked 
|  24|0x0000000083600000, 0x0000000083600000, 0x0000000083700000|  0%| F|  |TAMS 0x0000000083600000, 0x0000000083600000| Untracked 
|  25|0x0000000083700000, 0x0000000083700000, 0x0000000083800000|  0%| F|  |TAMS 0x0000000083700000, 0x0000000083700000| Untracked 
|  26|0x0000000083800000, 0x0000000083800000, 0x0000000083900000|  0%| F|  |TAMS 0x0000000083800000, 0x0000000083800000| Untracked 
|  27|0x0000000083900000, 0x0000000083900000, 0x0000000083a00000|  0%| F|  |TAMS 0x0000000083900000, 0x0000000083900000| Untracked 
|  28|0x0000000083a00000, 0x0000000083a00000, 0x0000000083b00000|  0%| F|  |TAMS 0x0000000083a00000, 0x0000000083a00000| Untracked 
|  29|0x0000000083b00000, 0x0000000083b00000, 0x0000000083c00000|  0%| F|  |TAMS 0x0000000083b00000, 0x0000000083b00000| Untracked 
|  30|0x0000000083c00000, 0x0000000083c00000, 0x0000000083d00000|  0%| F|  |TAMS 0x0000000083c00000, 0x0000000083c00000| Untracked 
|  31|0x0000000083d00000, 0x0000000083d00000, 0x0000000083e00000|  0%| F|  |TAMS 0x0000000083d00000, 0x0000000083d00000| Untracked 
|  32|0x0000000083e00000, 0x0000000083e00000, 0x0000000083f00000|  0%| F|  |TAMS 0x0000000083e00000, 0x0000000083e00000| Untracked 
|  33|0x0000000083f00000, 0x0000000083f00000, 0x0000000084000000|  0%| F|  |TAMS 0x0000000083f00000, 0x0000000083f00000| Untracked 
|  34|0x0000000084000000, 0x0000000084000000, 0x0000000084100000|  0%| F|  |TAMS 0x0000000084000000, 0x0000000084000000| Untracked 
|  35|0x0000000084100000, 0x0000000084100000, 0x0000000084200000|  0%| F|  |TAMS 0x0000000084100000, 0x0000000084100000| Untracked 
|  36|0x0000000084200000, 0x0000000084200000, 0x0000000084300000|  0%| F|  |TAMS 0x0000000084200000, 0x0000000084200000| Untracked 
|  37|0x0000000084300000, 0x0000000084300000, 0x0000000084400000|  0%| F|  |TAMS 0x0000000084300000, 0x0000000084300000| Untracked 
|  38|0x0000000084400000, 0x0000000084400000, 0x0000000084500000|  0%| F|  |TAMS 0x0000000084400000, 0x0000000084400000| Untracked 
|  39|0x0000000084500000, 0x0000000084500000, 0x0000000084600000|  0%| F|  |TAMS 0x0000000084500000, 0x0000000084500000| Untracked 
|  40|0x0000000084600000, 0x0000000084600000, 0x0000000084700000|  0%| F|  |TAMS 0x0000000084600000, 0x0000000084600000| Untracked 
|  41|0x0000000084700000, 0x0000000084700000, 0x0000000084800000|  0%| F|  |TAMS 0x0000000084700000, 0x0000000084700000| Untracked 
|  42|0x0000000084800000, 0x0000000084800000, 0x0000000084900000|  0%| F|  |TAMS 0x0000000084800000, 0x0000000084800000| Untracked 
|  43|0x0000000084900000, 0x0000000084900000, 0x0000000084a00000|  0%| F|  |TAMS 0x0000000084900000, 0x0000000084900000| Untracked 
|  44|0x0000000084a00000, 0x0000000084a00000, 0x0000000084b00000|  0%| F|  |TAMS 0x0000000084a00000, 0x0000000084a00000| Untracked 
|  45|0x0000000084b00000, 0x0000000084b00000, 0x0000000084c00000|  0%| F|  |TAMS 0x0000000084b00000, 0x0000000084b00000| Untracked 
|  46|0x0000000084c00000, 0x0000000084c00000, 0x0000000084d00000|  0%| F|  |TAMS 0x0000000084c00000, 0x0000000084c00000| Untracked 
|  47|0x0000000084d00000, 0x0000000084d00000, 0x0000000084e00000|  0%| F|  |TAMS 0x0000000084d00000, 0x0000000084d00000| Untracked 
|  48|0x0000000084e00000, 0x0000000084e00000, 0x0000000084f00000|  0%| F|  |TAMS 0x0000000084e00000, 0x0000000084e00000| Untracked 
|  49|0x0000000084f00000, 0x0000000084f00000, 0x0000000085000000|  0%| F|  |TAMS 0x0000000084f00000, 0x0000000084f00000| Untracked 
|  50|0x0000000085000000, 0x0000000085000000, 0x0000000085100000|  0%| F|  |TAMS 0x0000000085000000, 0x0000000085000000| Untracked 
|  51|0x0000000085100000, 0x0000000085100000, 0x0000000085200000|  0%| F|  |TAMS 0x0000000085100000, 0x0000000085100000| Untracked 
|  52|0x0000000085200000, 0x0000000085200000, 0x0000000085300000|  0%| F|  |TAMS 0x0000000085200000, 0x0000000085200000| Untracked 
|  53|0x0000000085300000, 0x0000000085300000, 0x0000000085400000|  0%| F|  |TAMS 0x0000000085300000, 0x0000000085300000| Untracked 
|  54|0x0000000085400000, 0x0000000085400000, 0x0000000085500000|  0%| F|  |TAMS 0x0000000085400000, 0x0000000085400000| Untracked 
|  55|0x0000000085500000, 0x0000000085500000, 0x0000000085600000|  0%| F|  |TAMS 0x0000000085500000, 0x0000000085500000| Untracked 
|  56|0x0000000085600000, 0x0000000085600000, 0x0000000085700000|  0%| F|  |TAMS 0x0000000085600000, 0x0000000085600000| Untracked 
|  57|0x0000000085700000, 0x0000000085700000, 0x0000000085800000|  0%| F|  |TAMS 0x0000000085700000, 0x0000000085700000| Untracked 
|  58|0x0000000085800000, 0x0000000085800000, 0x0000000085900000|  0%| F|  |TAMS 0x0000000085800000, 0x0000000085800000| Untracked 
|  59|0x0000000085900000, 0x0000000085900000, 0x0000000085a00000|  0%| F|  |TAMS 0x0000000085900000, 0x0000000085900000| Untracked 
|  60|0x0000000085a00000, 0x0000000085a00000, 0x0000000085b00000|  0%| F|  |TAMS 0x0000000085a00000, 0x0000000085a00000| Untracked 
|  61|0x0000000085b00000, 0x0000000085b00000, 0x0000000085c00000|  0%| F|  |TAMS 0x0000000085b00000, 0x0000000085b00000| Untracked 
|  62|0x0000000085c00000, 0x0000000085c00000, 0x0000000085d00000|  0%| F|  |TAMS 0x0000000085c00000, 0x0000000085c00000| Untracked 
|  63|0x0000000085d00000, 0x0000000085d00000, 0x0000000085e00000|  0%| F|  |TAMS 0x0000000085d00000, 0x0000000085d00000| Untracked 
|  64|0x0000000085e00000, 0x0000000085e00000, 0x0000000085f00000|  0%| F|  |TAMS 0x0000000085e00000, 0x0000000085e00000| Untracked 
|  65|0x0000000085f00000, 0x0000000085f00000, 0x0000000086000000|  0%| F|  |TAMS 0x0000000085f00000, 0x0000000085f00000| Untracked 
|  66|0x0000000086000000, 0x0000000086000000, 0x0000000086100000|  0%| F|  |TAMS 0x0000000086000000, 0x0000000086000000| Untracked 
|  67|0x0000000086100000, 0x0000000086100000, 0x0000000086200000|  0%| F|  |TAMS 0x0000000086100000, 0x0000000086100000| Untracked 
|  68|0x0000000086200000, 0x0000000086200000, 0x0000000086300000|  0%| F|  |TAMS 0x0000000086200000, 0x0000000086200000| Untracked 
|  69|0x0000000086300000, 0x0000000086300000, 0x0000000086400000|  0%| F|  |TAMS 0x0000000086300000, 0x0000000086300000| Untracked 
|  70|0x0000000086400000, 0x0000000086400000, 0x0000000086500000|  0%| F|  |TAMS 0x0000000086400000, 0x0000000086400000| Untracked 
|  71|0x0000000086500000, 0x0000000086500000, 0x0000000086600000|  0%| F|  |TAMS 0x0000000086500000, 0x0000000086500000| Untracked 
|  72|0x0000000086600000, 0x0000000086600000, 0x0000000086700000|  0%| F|  |TAMS 0x0000000086600000, 0x0000000086600000| Untracked 
|  73|0x0000000086700000, 0x0000000086700000, 0x0000000086800000|  0%| F|  |TAMS 0x0000000086700000, 0x0000000086700000| Untracked 
|  74|0x0000000086800000, 0x0000000086800000, 0x0000000086900000|  0%| F|  |TAMS 0x0000000086800000, 0x0000000086800000| Untracked 
|  75|0x0000000086900000, 0x0000000086900000, 0x0000000086a00000|  0%| F|  |TAMS 0x0000000086900000, 0x0000000086900000| Untracked 
|  76|0x0000000086a00000, 0x0000000086a00000, 0x0000000086b00000|  0%| F|  |TAMS 0x0000000086a00000, 0x0000000086a00000| Untracked 
|  77|0x0000000086b00000, 0x0000000086b00000, 0x0000000086c00000|  0%| F|  |TAMS 0x0000000086b00000, 0x0000000086b00000| Untracked 
|  78|0x0000000086c00000, 0x0000000086c00000, 0x0000000086d00000|  0%| F|  |TAMS 0x0000000086c00000, 0x0000000086c00000| Untracked 
|  79|0x0000000086d00000, 0x0000000086d00000, 0x0000000086e00000|  0%| F|  |TAMS 0x0000000086d00000, 0x0000000086d00000| Untracked 
|  80|0x0000000086e00000, 0x0000000086e00000, 0x0000000086f00000|  0%| F|  |TAMS 0x0000000086e00000, 0x0000000086e00000| Untracked 
|  81|0x0000000086f00000, 0x0000000086f00000, 0x0000000087000000|  0%| F|  |TAMS 0x0000000086f00000, 0x0000000086f00000| Untracked 
|  82|0x0000000087000000, 0x0000000087000000, 0x0000000087100000|  0%| F|  |TAMS 0x0000000087000000, 0x0000000087000000| Untracked 
|  83|0x0000000087100000, 0x0000000087100000, 0x0000000087200000|  0%| F|  |TAMS 0x0000000087100000, 0x0000000087100000| Untracked 
|  84|0x0000000087200000, 0x0000000087200000, 0x0000000087300000|  0%| F|  |TAMS 0x0000000087200000, 0x0000000087200000| Untracked 
|  85|0x0000000087300000, 0x0000000087300000, 0x0000000087400000|  0%| F|  |TAMS 0x0000000087300000, 0x0000000087300000| Untracked 
|  86|0x0000000087400000, 0x0000000087400000, 0x0000000087500000|  0%| F|  |TAMS 0x0000000087400000, 0x0000000087400000| Untracked 
|  87|0x0000000087500000, 0x0000000087500000, 0x0000000087600000|  0%| F|  |TAMS 0x0000000087500000, 0x0000000087500000| Untracked 
|  88|0x0000000087600000, 0x0000000087600000, 0x0000000087700000|  0%| F|  |TAMS 0x0000000087600000, 0x0000000087600000| Untracked 
|  89|0x0000000087700000, 0x0000000087700000, 0x0000000087800000|  0%| F|  |TAMS 0x0000000087700000, 0x0000000087700000| Untracked 
|  90|0x0000000087800000, 0x0000000087800000, 0x0000000087900000|  0%| F|  |TAMS 0x0000000087800000, 0x0000000087800000| Untracked 
|  91|0x0000000087900000, 0x0000000087988d10, 0x0000000087a00000| 53%| S|CS|TAMS 0x0000000087900000, 0x0000000087900000| Complete 
|  92|0x0000000087a00000, 0x0000000087b00000, 0x0000000087b00000|100%| S|CS|TAMS 0x0000000087a00000, 0x0000000087a00000| Complete 
|  93|0x0000000087b00000, 0x0000000087c00000, 0x0000000087c00000|100%| S|CS|TAMS 0x0000000087b00000, 0x0000000087b00000| Complete 
|  94|0x0000000087c00000, 0x0000000087c00000, 0x0000000087d00000|  0%| F|  |TAMS 0x0000000087c00000, 0x0000000087c00000| Untracked 
|  95|0x0000000087d00000, 0x0000000087d00000, 0x0000000087e00000|  0%| F|  |TAMS 0x0000000087d00000, 0x0000000087d00000| Untracked 
|  96|0x0000000087e00000, 0x0000000087e00000, 0x0000000087f00000|  0%| F|  |TAMS 0x0000000087e00000, 0x0000000087e00000| Untracked 
|  97|0x0000000087f00000, 0x0000000087f00000, 0x0000000088000000|  0%| F|  |TAMS 0x0000000087f00000, 0x0000000087f00000| Untracked 
|  98|0x0000000088000000, 0x0000000088000000, 0x0000000088100000|  0%| F|  |TAMS 0x0000000088000000, 0x0000000088000000| Untracked 
|  99|0x0000000088100000, 0x0000000088100000, 0x0000000088200000|  0%| F|  |TAMS 0x0000000088100000, 0x0000000088100000| Untracked 
| 100|0x0000000088200000, 0x0000000088200000, 0x0000000088300000|  0%| F|  |TAMS 0x0000000088200000, 0x0000000088200000| Untracked 
| 101|0x0000000088300000, 0x0000000088300000, 0x0000000088400000|  0%| F|  |TAMS 0x0000000088300000, 0x0000000088300000| Untracked 
| 102|0x0000000088400000, 0x0000000088400000, 0x0000000088500000|  0%| F|  |TAMS 0x0000000088400000, 0x0000000088400000| Untracked 
| 103|0x0000000088500000, 0x0000000088500000, 0x0000000088600000|  0%| F|  |TAMS 0x0000000088500000, 0x0000000088500000| Untracked 
| 104|0x0000000088600000, 0x0000000088600000, 0x0000000088700000|  0%| F|  |TAMS 0x0000000088600000, 0x0000000088600000| Untracked 
| 105|0x0000000088700000, 0x000000008875f488, 0x0000000088800000| 37%| E|  |TAMS 0x0000000088700000, 0x0000000088700000| Complete 
| 106|0x0000000088800000, 0x0000000088900000, 0x0000000088900000|100%| E|CS|TAMS 0x0000000088800000, 0x0000000088800000| Complete 
| 107|0x0000000088900000, 0x0000000088a00000, 0x0000000088a00000|100%| E|CS|TAMS 0x0000000088900000, 0x0000000088900000| Complete 
| 108|0x0000000088a00000, 0x0000000088b00000, 0x0000000088b00000|100%| E|CS|TAMS 0x0000000088a00000, 0x0000000088a00000| Complete 
| 109|0x0000000088b00000, 0x0000000088c00000, 0x0000000088c00000|100%| E|CS|TAMS 0x0000000088b00000, 0x0000000088b00000| Complete 
| 110|0x0000000088c00000, 0x0000000088d00000, 0x0000000088d00000|100%| E|CS|TAMS 0x0000000088c00000, 0x0000000088c00000| Complete 
| 111|0x0000000088d00000, 0x0000000088e00000, 0x0000000088e00000|100%| E|CS|TAMS 0x0000000088d00000, 0x0000000088d00000| Complete 
| 112|0x0000000088e00000, 0x0000000088f00000, 0x0000000088f00000|100%| E|CS|TAMS 0x0000000088e00000, 0x0000000088e00000| Complete 
| 113|0x0000000088f00000, 0x0000000089000000, 0x0000000089000000|100%| E|CS|TAMS 0x0000000088f00000, 0x0000000088f00000| Complete 
| 114|0x0000000089000000, 0x0000000089100000, 0x0000000089100000|100%| E|CS|TAMS 0x0000000089000000, 0x0000000089000000| Complete 
| 115|0x0000000089100000, 0x0000000089200000, 0x0000000089200000|100%| E|CS|TAMS 0x0000000089100000, 0x0000000089100000| Complete 
| 116|0x0000000089200000, 0x0000000089300000, 0x0000000089300000|100%| E|CS|TAMS 0x0000000089200000, 0x0000000089200000| Complete 
| 117|0x0000000089300000, 0x0000000089400000, 0x0000000089400000|100%| E|CS|TAMS 0x0000000089300000, 0x0000000089300000| Complete 
| 118|0x0000000089400000, 0x0000000089500000, 0x0000000089500000|100%| E|CS|TAMS 0x0000000089400000, 0x0000000089400000| Complete 
| 119|0x0000000089500000, 0x0000000089600000, 0x0000000089600000|100%| E|  |TAMS 0x0000000089500000, 0x0000000089500000| Complete 
| 120|0x0000000089600000, 0x0000000089700000, 0x0000000089700000|100%| E|CS|TAMS 0x0000000089600000, 0x0000000089600000| Complete 
| 121|0x0000000089700000, 0x0000000089800000, 0x0000000089800000|100%| E|CS|TAMS 0x0000000089700000, 0x0000000089700000| Complete 
| 122|0x0000000089800000, 0x0000000089900000, 0x0000000089900000|100%| E|CS|TAMS 0x0000000089800000, 0x0000000089800000| Complete 
| 123|0x0000000089900000, 0x0000000089a00000, 0x0000000089a00000|100%| E|CS|TAMS 0x0000000089900000, 0x0000000089900000| Complete 
| 124|0x0000000089a00000, 0x0000000089b00000, 0x0000000089b00000|100%| E|CS|TAMS 0x0000000089a00000, 0x0000000089a00000| Complete 
| 125|0x0000000089b00000, 0x0000000089c00000, 0x0000000089c00000|100%| E|CS|TAMS 0x0000000089b00000, 0x0000000089b00000| Complete 
| 126|0x0000000089c00000, 0x0000000089d00000, 0x0000000089d00000|100%| E|CS|TAMS 0x0000000089c00000, 0x0000000089c00000| Complete 
| 127|0x0000000089d00000, 0x0000000089e00000, 0x0000000089e00000|100%| E|CS|TAMS 0x0000000089d00000, 0x0000000089d00000| Complete 

Card table byte_map: [0x000000e4b8b10000,0x000000e4b8f10000] _byte_map_base: 0x000000e4b8701000

Marking Bits (Prev, Next): (CMBitMap*) 0x000000e4a151f7d0, (CMBitMap*) 0x000000e4a151f810
 Prev Bits: [0x000000e4b9310000, 0x000000e4bb298000)
 Next Bits: [0x000000e4bb2a0000, 0x000000e4bd228000)

Polling page: 0x000000e49f310000

Metaspace:

Usage:
  Non-class:     14.04 MB used.
      Class:      1.88 MB used.
       Both:     15.93 MB used.

Virtual space:
  Non-class space:       64.00 MB reserved,      14.12 MB ( 22%) committed,  1 nodes.
      Class space:        1.00 GB reserved,       2.00 MB ( <1%) committed,  1 nodes.
             Both:        1.06 GB reserved,      16.12 MB (  1%) committed. 

Chunk freelists:
   Non-Class:  1.80 MB
       Class:  1.94 MB
        Both:  3.74 MB

MaxMetaspaceSize: unlimited
CompressedClassSpaceSize: 1.00 GB
Initial GC threshold: 21.00 MB
Current GC threshold: 21.00 MB
CDS: on
MetaspaceReclaimPolicy: balanced
 - commit_granule_bytes: 65536.
 - commit_granule_words: 8192.
 - virtual_space_node_default_size: 8388608.
 - enlarge_chunks_in_place: 1.
 - new_chunks_are_fully_committed: 0.
 - uncommit_free_chunks: 1.
 - use_allocation_guard: 0.


Internal statistics:

num_allocs_failed_limit: 0.
num_arena_births: 226.
num_arena_deaths: 0.
num_vsnodes_births: 2.
num_vsnodes_deaths: 0.
num_space_committed: 258.
num_space_uncommitted: 0.
num_chunks_returned_to_freelist: 0.
num_chunks_taken_from_freelist: 757.
num_chunk_merges: 0.
num_chunk_splits: 513.
num_chunks_enlarged: 421.
num_inconsistent_stats: 0.

CodeHeap 'non-profiled nmethods': size=120000Kb used=813Kb max_used=813Kb free=119186Kb
 bounds [0x000000e4b0eb0000, 0x000000e4b1120000, 0x000000e4b83e0000]
CodeHeap 'profiled nmethods': size=120000Kb used=4233Kb max_used=4233Kb free=115766Kb
 bounds [0x000000e4a93e0000, 0x000000e4a9810000, 0x000000e4b0910000]
CodeHeap 'non-nmethods': size=5760Kb used=1339Kb max_used=1368Kb free=4420Kb
 bounds [0x000000e4b0910000, 0x000000e4b0b80000, 0x000000e4b0eb0000]
 total_blobs=2658 nmethods=2172 adapters=396
 compilation: enabled
              stopped_count=0, restarted_count=0
 full_count=0

Compilation events (20 events):
Event: 4.369 Thread 0x000000e4c6197e90 2068       4       org.springframework.util.ConcurrentReferenceHashMap$Segment::getIndex (7 bytes)
Event: 4.369 Thread 0x000000e4bfc6f500 nmethod 2124 0x000000e4a97dbf10 code [0x000000e4a97dc100, 0x000000e4a97dc638]
Event: 4.369 Thread 0x000000e4bfc6f500 2122       3       java.lang.invoke.BoundMethodHandle::rebind (14 bytes)
Event: 4.370 Thread 0x000000e4c6197e90 nmethod 2068 0x000000e4b0f74790 code [0x000000e4b0f74920, 0x000000e4b0f749b8]
Event: 4.370 Thread 0x000000e4bfc6f500 nmethod 2122 0x000000e4a97dc890 code [0x000000e4a97dca80, 0x000000e4a97dcfe8]
Event: 4.370 Thread 0x000000e4bfc6f500 2123       3       java.lang.invoke.LambdaForm::expressionCount (11 bytes)
Event: 4.370 Thread 0x000000e4bfc6f500 nmethod 2123 0x000000e4a97dd210 code [0x000000e4a97dd3a0, 0x000000e4a97dd4b8]
Event: 4.371 Thread 0x000000e4bfc6f500 2125       3       java.lang.invoke.LambdaForm$MH/0x0000000801016000::invoke (94 bytes)
Event: 4.372 Thread 0x000000e4bfc6f500 nmethod 2125 0x000000e4a97dd590 code [0x000000e4a97dd7c0, 0x000000e4a97de458]
Event: 4.372 Thread 0x000000e4bfc6f500 2126       3       java.lang.invoke.LambdaForm$MH/0x0000000801015800::invoke (27 bytes)
Event: 4.372 Thread 0x000000e4bfc6f500 nmethod 2126 0x000000e4a97de810 code [0x000000e4a97de9e0, 0x000000e4a97dee58]
Event: 4.372 Thread 0x000000e4bfc6f500 2127       3       java.lang.Character::isLetter (5 bytes)
Event: 4.373 Thread 0x000000e4bfc6f500 nmethod 2127 0x000000e4a97def90 code [0x000000e4a97df160, 0x000000e4a97df478]
Event: 4.373 Thread 0x000000e4bfc6f500 2128       3       java.lang.Character::isLetter (18 bytes)
Event: 4.373 Thread 0x000000e4bfc6f500 nmethod 2128 0x000000e4a97df590 code [0x000000e4a97df760, 0x000000e4a97dfa18]
Event: 4.375 Thread 0x000000e4c6197e90 2129   !   4       java.nio.DirectIntBufferU::get (34 bytes)
Event: 4.377 Thread 0x000000e4bfc6f500 2130       3       java.util.WeakHashMap::matchesKey (33 bytes)
Event: 4.378 Thread 0x000000e4bfc6f500 nmethod 2130 0x000000e4a97dfb10 code [0x000000e4a97dfce0, 0x000000e4a97e0218]
Event: 4.378 Thread 0x000000e4c6197e90 nmethod 2129 0x000000e4b0f74a90 code [0x000000e4b0f74c20, 0x000000e4b0f74d18]
Event: 4.379 Thread 0x000000e4c6197e90 2131       4       java.lang.StringLatin1::indexOf (25 bytes)

GC Heap History (4 events):
Event: 1.992 GC heap before
{Heap before GC invocations=0 (full 0):
 garbage-first heap   total 131072K, used 22528K [0x0000000081e00000, 0x0000000100000000)
  region size 1024K, 23 young (23552K), 0 survivors (0K)
 Metaspace       used 5333K, committed 5568K, reserved 1114112K
  class space    used 586K, committed 704K, reserved 1048576K
}
Event: 2.006 GC heap after
{Heap after GC invocations=1 (full 0):
 garbage-first heap   total 131072K, used 3859K [0x0000000081e00000, 0x0000000100000000)
  region size 1024K, 3 young (3072K), 3 survivors (3072K)
 Metaspace       used 5333K, committed 5568K, reserved 1114112K
  class space    used 586K, committed 704K, reserved 1048576K
}
Event: 3.520 GC heap before
{Heap before GC invocations=1 (full 0):
 garbage-first heap   total 131072K, used 34579K [0x0000000081e00000, 0x0000000100000000)
  region size 1024K, 34 young (34816K), 3 survivors (3072K)
 Metaspace       used 12187K, committed 12416K, reserved 1114112K
  class space    used 1381K, committed 1472K, reserved 1048576K
}
Event: 3.535 GC heap after
{Heap after GC invocations=2 (full 0):
 garbage-first heap   total 131072K, used 6526K [0x0000000081e00000, 0x0000000100000000)
  region size 1024K, 3 young (3072K), 3 survivors (3072K)
 Metaspace       used 12187K, committed 12416K, reserved 1114112K
  class space    used 1381K, committed 1472K, reserved 1048576K
}

Dll operation events (10 events):
Event: 0.016 Loaded shared library C:\Users\Wathsala\.jdks\openjdk-19.0.2\bin\java.dll
Event: 0.017 Loaded shared library C:\Users\Wathsala\.jdks\openjdk-19.0.2\bin\zip.dll
Event: 0.044 Loaded shared library C:\Users\Wathsala\.jdks\openjdk-19.0.2\bin\jsvml.dll
Event: 0.322 Loaded shared library C:\Users\Wathsala\.jdks\openjdk-19.0.2\bin\instrument.dll
Event: 0.411 Loaded shared library C:\Users\Wathsala\.jdks\openjdk-19.0.2\bin\net.dll
Event: 0.414 Loaded shared library C:\Users\Wathsala\.jdks\openjdk-19.0.2\bin\nio.dll
Event: 0.426 Loaded shared library C:\Users\Wathsala\.jdks\openjdk-19.0.2\bin\zip.dll
Event: 0.680 Loaded shared library C:\Users\Wathsala\.jdks\openjdk-19.0.2\bin\jimage.dll
Event: 1.584 Loaded shared library C:\Users\Wathsala\.jdks\openjdk-19.0.2\bin\management.dll
Event: 1.590 Loaded shared library C:\Users\Wathsala\.jdks\openjdk-19.0.2\bin\management_ext.dll

Deoptimization events (20 events):
Event: 4.331 Thread 0x000000e4c612ad70 DEOPT PACKING pc=0x000000e4a9587edc sp=0x000000e4c71bded0
Event: 4.331 Thread 0x000000e4c612ad70 DEOPT UNPACKING pc=0x000000e4b0977543 sp=0x000000e4c71bd3a8 mode 1
Event: 4.332 Thread 0x000000e4c612ad70 DEOPT PACKING pc=0x000000e4a94d6be1 sp=0x000000e4c71bc8d0
Event: 4.332 Thread 0x000000e4c612ad70 DEOPT UNPACKING pc=0x000000e4b0977543 sp=0x000000e4c71bbd28 mode 1
Event: 4.332 Thread 0x000000e4c612ad70 DEOPT PACKING pc=0x000000e4a94d655c sp=0x000000e4c71bc960
Event: 4.332 Thread 0x000000e4c612ad70 DEOPT UNPACKING pc=0x000000e4b0977543 sp=0x000000e4c71bbe08 mode 1
Event: 4.332 Thread 0x000000e4c612ad70 DEOPT PACKING pc=0x000000e4a95883e4 sp=0x000000e4c71bd2e0
Event: 4.332 Thread 0x000000e4c612ad70 DEOPT UNPACKING pc=0x000000e4b0977543 sp=0x000000e4c71bc7a8 mode 1
Event: 4.332 Thread 0x000000e4c612ad70 DEOPT PACKING pc=0x000000e4a9587edc sp=0x000000e4c71bd370
Event: 4.332 Thread 0x000000e4c612ad70 DEOPT UNPACKING pc=0x000000e4b0977543 sp=0x000000e4c71bc848 mode 1
Event: 4.332 Thread 0x000000e4c612ad70 DEOPT PACKING pc=0x000000e4a94d655c sp=0x000000e4c71bd4c0
Event: 4.332 Thread 0x000000e4c612ad70 DEOPT UNPACKING pc=0x000000e4b0977543 sp=0x000000e4c71bc968 mode 1
Event: 4.332 Thread 0x000000e4c612ad70 DEOPT PACKING pc=0x000000e4a95883e4 sp=0x000000e4c71bde40
Event: 4.332 Thread 0x000000e4c612ad70 DEOPT UNPACKING pc=0x000000e4b0977543 sp=0x000000e4c71bd308 mode 1
Event: 4.332 Thread 0x000000e4c612ad70 DEOPT PACKING pc=0x000000e4a9587edc sp=0x000000e4c71bded0
Event: 4.332 Thread 0x000000e4c612ad70 DEOPT UNPACKING pc=0x000000e4b0977543 sp=0x000000e4c71bd3a8 mode 1
Event: 4.358 Thread 0x000000e4c612ad70 Uncommon trap: trap_request=0xffffff45 fr.pc=0x000000e4b0f20ecc relative=0x00000000000009cc
Event: 4.358 Thread 0x000000e4c612ad70 Uncommon trap: reason=unstable_if action=reinterpret pc=0x000000e4b0f20ecc method=jdk.internal.org.objectweb.asm.SymbolTable.put(Ljdk/internal/org/objectweb/asm/SymbolTable$Entry;)Ljdk/internal/org/objectweb/asm/SymbolTable$Entry; @ 13 c2
Event: 4.358 Thread 0x000000e4c612ad70 DEOPT PACKING pc=0x000000e4b0f20ecc sp=0x000000e4c71bc840
Event: 4.358 Thread 0x000000e4c612ad70 DEOPT UNPACKING pc=0x000000e4b0976da3 sp=0x000000e4c71bc788 mode 2

Classes loaded (20 events):
Event: 4.351 Loading class org/springframework/boot/autoconfigure/web/servlet/ConditionalOnMissingFilterBean
Event: 4.351 Loading class org/springframework/boot/autoconfigure/web/servlet/ConditionalOnMissingFilterBean done
Event: 4.353 Loading class org/springframework/boot/web/servlet/FilterRegistrationBean
Event: 4.353 Loading class org/springframework/boot/web/servlet/FilterRegistrationBean done
Event: 4.353 Loading class org/springframework/boot/web/servlet/AbstractFilterRegistrationBean
Event: 4.353 Loading class org/springframework/boot/web/servlet/AbstractFilterRegistrationBean done
Event: 4.354 Loading class org/springframework/boot/web/servlet/DynamicRegistrationBean
Event: 4.354 Loading class org/springframework/boot/web/servlet/DynamicRegistrationBean done
Event: 4.355 Loading class org/springframework/boot/web/servlet/RegistrationBean
Event: 4.355 Loading class org/springframework/boot/web/servlet/RegistrationBean done
Event: 4.355 Loading class org/springframework/boot/web/servlet/ServletContextInitializer
Event: 4.355 Loading class org/springframework/boot/web/servlet/ServletContextInitializer done
Event: 4.362 Loading class org/springframework/core/annotation/MergedAnnotation
Event: 4.362 Loading class org/springframework/core/annotation/MergedAnnotation done
Event: 4.363 Loading class org/springframework/core/annotation/AnnotationAttributes
Event: 4.363 Loading class org/springframework/core/annotation/AnnotationAttributes done
Event: 4.363 Loading class org/springframework/core/annotation/MergedAnnotation
Event: 4.363 Loading class org/springframework/core/annotation/MergedAnnotation done
Event: 4.364 Loading class org/springframework/boot/autoconfigure/condition/OnPropertyCondition$Spec
Event: 4.364 Loading class org/springframework/boot/autoconfigure/condition/OnPropertyCondition$Spec done

Classes unloaded (0 events):
No events

Classes redefined (0 events):
No events

Internal exceptions (20 events):
Event: 2.834 Thread 0x000000e4c612ad70 Exception <a 'java/lang/NoSuchMethodError'{0x00000000892af4d8}: 'void java.lang.invoke.DirectMethodHandle$Holder.invokeStaticInit(java.lang.Object, java.lang.Object)'> (0x00000000892af4d8) 
thrown [s\open\src\hotspot\share\interpreter\linkResolver.cpp, line 774]
Event: 2.841 Thread 0x000000e4c612ad70 Exception <a 'java/lang/NoSuchMethodError'{0x00000000892bc458}: 'void java.lang.invoke.DirectMethodHandle$Holder.invokeStaticInit(java.lang.Object, java.lang.Object, java.lang.Object)'> (0x00000000892bc458) 
thrown [s\open\src\hotspot\share\interpreter\linkResolver.cpp, line 774]
Event: 2.852 Thread 0x000000e4c612ad70 Exception <a 'java/lang/NoSuchMethodError'{0x00000000892d7438}: 'java.lang.Object java.lang.invoke.DirectMethodHandle$Holder.invokeStatic(java.lang.Object, long, java.lang.Object)'> (0x00000000892d7438) 
thrown [s\open\src\hotspot\share\interpreter\linkResolver.cpp, line 774]
Event: 2.852 Thread 0x000000e4c612ad70 Exception <a 'java/lang/NoSuchMethodError'{0x00000000892dad38}: 'java.lang.Object java.lang.invoke.DirectMethodHandle$Holder.invokeStaticInit(java.lang.Object, long, java.lang.Object)'> (0x00000000892dad38) 
thrown [s\open\src\hotspot\share\interpreter\linkResolver.cpp, line 774]
Event: 2.854 Thread 0x000000e4c612ad70 Exception <a 'java/lang/NoSuchMethodError'{0x00000000892e0ce0}: 'java.lang.Object java.lang.invoke.DirectMethodHandle$Holder.newInvokeSpecial(java.lang.Object, long)'> (0x00000000892e0ce0) 
thrown [s\open\src\hotspot\share\interpreter\linkResolver.cpp, line 774]
Event: 2.888 Thread 0x000000e4c612ad70 Exception <a 'java/lang/NoSuchMethodError'{0x000000008913e2a8}: 'void java.lang.invoke.DirectMethodHandle$Holder.invokeVirtual(java.lang.Object, java.lang.Object, java.lang.Object, java.lang.Object)'> (0x000000008913e2a8) 
thrown [s\open\src\hotspot\share\interpreter\linkResolver.cpp, line 774]
Event: 3.004 Thread 0x000000e4c612ad70 Exception <a 'java/lang/NoSuchMethodError'{0x000000008909e0d0}: 'void java.lang.invoke.DirectMethodHandle$Holder.invokeSpecial(java.lang.Object, java.lang.Object, java.lang.Object, java.lang.Object, java.lang.Object)'> (0x000000008909e0d0) 
thrown [s\open\src\hotspot\share\interpreter\linkResolver.cpp, line 774]
Event: 3.024 Thread 0x000000e4c612ad70 Exception <a 'java/lang/IncompatibleClassChangeError'{0x00000000890cf5d0}: Found class java.lang.Object, but interface was expected> (0x00000000890cf5d0) 
thrown [s\open\src\hotspot\share\interpreter\linkResolver.cpp, line 841]
Event: 3.026 Thread 0x000000e4c662bf90 Exception <a 'java/lang/NoClassDefFoundError'{0x00000000890fe990}: jakarta/validation/Validation> (0x00000000890fe990) 
thrown [s\open\src\hotspot\share\classfile\systemDictionary.cpp, line 244]
Event: 3.330 Thread 0x000000e4c612ad70 Exception <a 'java/lang/NoSuchMethodError'{0x000000008819a120}: 'int java.lang.invoke.Invokers$Holder.invokeExact_MT(java.lang.Object, java.lang.Object)'> (0x000000008819a120) 
thrown [s\open\src\hotspot\share\interpreter\linkResolver.cpp, line 774]
Event: 3.789 Thread 0x000000e4c612ad70 Exception <a 'java/lang/NoSuchMethodError'{0x000000008928f7c0}: 'int java.lang.invoke.DirectMethodHandle$Holder.invokeSpecial(java.lang.Object, java.lang.Object, java.lang.Object, java.lang.Object, java.lang.Object)'> (0x000000008928f7c0) 
thrown [s\open\src\hotspot\share\interpreter\linkResolver.cpp, line 774]
Event: 3.797 Thread 0x000000e4c612ad70 Exception <a 'java/lang/NoSuchMethodError'{0x000000008929efa8}: 'void java.lang.invoke.DirectMethodHandle$Holder.invokeVirtual(java.lang.Object, java.lang.Object)'> (0x000000008929efa8) 
thrown [s\open\src\hotspot\share\interpreter\linkResolver.cpp, line 774]
Event: 3.827 Thread 0x000000e4c662bf90 Exception <a 'java/lang/NoSuchMethodError'{0x00000000891b99f8}: 'long java.lang.invoke.DirectMethodHandle$Holder.invokeSpecial(java.lang.Object, java.lang.Object)'> (0x00000000891b99f8) 
thrown [s\open\src\hotspot\share\interpreter\linkResolver.cpp, line 774]
Event: 3.833 Thread 0x000000e4c662bf90 Exception <a 'java/lang/NoSuchMethodError'{0x00000000891c4f70}: 'long java.lang.invoke.DirectMethodHandle$Holder.invokeStatic(java.lang.Object, java.lang.Object)'> (0x00000000891c4f70) 
thrown [s\open\src\hotspot\share\interpreter\linkResolver.cpp, line 774]
Event: 3.834 Thread 0x000000e4c662bf90 Exception <a 'java/lang/NoSuchMethodError'{0x00000000891c8578}: 'long java.lang.invoke.DirectMethodHandle$Holder.invokeStaticInit(java.lang.Object, java.lang.Object)'> (0x00000000891c8578) 
thrown [s\open\src\hotspot\share\interpreter\linkResolver.cpp, line 774]
Event: 3.839 Thread 0x000000e4c662bf90 Exception <a 'java/lang/NoSuchMethodError'{0x00000000891d6588}: 'long java.lang.invoke.DirectMethodHandle$Holder.invokeInterface(java.lang.Object, java.lang.Object)'> (0x00000000891d6588) 
thrown [s\open\src\hotspot\share\interpreter\linkResolver.cpp, line 774]
Event: 3.840 Thread 0x000000e4c662bf90 Exception <a 'java/lang/IncompatibleClassChangeError'{0x00000000891d9b20}: Found class java.lang.Object, but interface was expected> (0x00000000891d9b20) 
thrown [s\open\src\hotspot\share\interpreter\linkResolver.cpp, line 841]
Event: 3.869 Thread 0x000000e4c662bf90 Exception <a 'java/lang/NoSuchMethodError'{0x00000000890d4688}: 'java.lang.Object java.lang.invoke.DirectMethodHandle$Holder.invokeVirtual(java.lang.Object, java.lang.Object, java.lang.Object, java.lang.Object)'> (0x00000000890d4688) 
thrown [s\open\src\hotspot\share\interpreter\linkResolver.cpp, line 774]
Event: 4.198 Thread 0x000000e4c612ad70 Exception <a 'java/lang/IncompatibleClassChangeError'{0x0000000088b90dd8}: Found class java.lang.Object, but interface was expected> (0x0000000088b90dd8) 
thrown [s\open\src\hotspot\share\interpreter\linkResolver.cpp, line 841]
Event: 4.300 Thread 0x000000e4c612ad70 Exception <a 'java/lang/NoSuchMethodError'{0x0000000088ad2690}: 'void java.lang.invoke.DirectMethodHandle$Holder.invokeInterface(java.lang.Object, java.lang.Object, java.lang.Object, java.lang.Object)'> (0x0000000088ad2690) 
thrown [s\open\src\hotspot\share\interpreter\linkResolver.cpp, line 774]

VM Operations (20 events):
Event: 2.022 Executing VM operation: HandshakeAllThreads
Event: 2.022 Executing VM operation: HandshakeAllThreads done
Event: 2.638 Executing VM operation: HandshakeAllThreads
Event: 2.638 Executing VM operation: HandshakeAllThreads done
Event: 2.973 Executing VM operation: HandshakeAllThreads
Event: 2.973 Executing VM operation: HandshakeAllThreads done
Event: 2.991 Executing VM operation: HandshakeAllThreads
Event: 2.991 Executing VM operation: HandshakeAllThreads done
Event: 2.991 Executing VM operation: HandshakeAllThreads
Event: 2.992 Executing VM operation: HandshakeAllThreads done
Event: 3.013 Executing VM operation: ICBufferFull
Event: 3.014 Executing VM operation: ICBufferFull done
Event: 3.420 Executing VM operation: HandshakeAllThreads
Event: 3.420 Executing VM operation: HandshakeAllThreads done
Event: 3.520 Executing VM operation: G1CollectForAllocation
Event: 3.535 Executing VM operation: G1CollectForAllocation done
Event: 3.619 Executing VM operation: HandshakeAllThreads
Event: 3.619 Executing VM operation: HandshakeAllThreads done
Event: 3.750 Executing VM operation: HandshakeAllThreads
Event: 3.750 Executing VM operation: HandshakeAllThreads done

Events (20 events):
Event: 0.076 Thread 0x000000e4bfc5df80 Thread added: 0x000000e4bfc5df80
Event: 0.076 Thread 0x000000e4bfc5eab0 Thread added: 0x000000e4bfc5eab0
Event: 0.077 Thread 0x000000e4bfc6b550 Thread added: 0x000000e4bfc6b550
Event: 0.078 Thread 0x000000e4bfc6eb90 Thread added: 0x000000e4bfc6eb90
Event: 0.078 Thread 0x000000e4bfc6f500 Thread added: 0x000000e4bfc6f500
Event: 0.078 Thread 0x000000e4bfc6fe70 Thread added: 0x000000e4bfc6fe70
Event: 0.204 Thread 0x000000e4bfc345c0 Thread added: 0x000000e4bfc345c0
Event: 0.285 Thread 0x000000e4c4bb2110 Thread added: 0x000000e4c4bb2110
Event: 0.285 Thread 0x000000e4c4bfd4f0 Thread added: 0x000000e4c4bfd4f0
Event: 0.286 Thread 0x000000e4c4c05a50 Thread added: 0x000000e4c4c05a50
Event: 0.369 Thread 0x000000e4c4c14560 Thread added: 0x000000e4c4c14560
Event: 0.518 Thread 0x000000e4c4cd07b0 Thread added: 0x000000e4c4cd07b0
Event: 1.467 Thread 0x000000e4c4cd07b0 Thread exited: 0x000000e4c4cd07b0
Event: 1.720 Thread 0x000000e4c612a830 Thread added: 0x000000e4c612a830
Event: 1.731 Thread 0x000000e4c612ad70 Thread added: 0x000000e4c612ad70
Event: 2.014 Thread 0x000000e4c6197e90 Thread added: 0x000000e4c6197e90
Event: 3.015 Thread 0x000000e4c662bf90 Thread added: 0x000000e4c662bf90
Event: 3.877 Thread 0x000000e4c662bf90 Thread exited: 0x000000e4c662bf90
Event: 4.016 Thread 0x000000e4c66ff910 Thread added: 0x000000e4c66ff910
Event: 4.160 Thread 0x000000e4c66ff910 Thread exited: 0x000000e4c66ff910


Dynamic libraries:
0x00007ff7c2af0000 - 0x00007ff7c2afe000 	C:\Users\Wathsala\.jdks\openjdk-19.0.2\bin\java.exe
0x00007ff91d9b0000 - 0x00007ff91db5d000 	C:\Windows\SYSTEM32\ntdll.dll
0x00007ff91bc40000 - 0x00007ff91bd7f000 	C:\Windows\system32\KERNEL32.DLL
0x00007ff91aed0000 - 0x00007ff91afe6000 	C:\Windows\system32\KERNELBASE.dll
0x00007ff90cdb0000 - 0x00007ff90cdc7000 	C:\Users\Wathsala\.jdks\openjdk-19.0.2\bin\jli.dll
0x00007ff9030c0000 - 0x00007ff9030db000 	C:\Users\Wathsala\.jdks\openjdk-19.0.2\bin\VCRUNTIME140.dll
0x00007ff90ef20000 - 0x00007ff90ef24000 	C:\Users\Wathsala\.jdks\openjdk-19.0.2\bin\api-ms-win-crt-stdio-l1-1-0.dll
0x00007ff90eed0000 - 0x00007ff90eed4000 	C:\Users\Wathsala\.jdks\openjdk-19.0.2\bin\api-ms-win-crt-runtime-l1-1-0.dll
0x00007ff90ec40000 - 0x00007ff90ec43000 	C:\Users\Wathsala\.jdks\openjdk-19.0.2\bin\api-ms-win-crt-environment-l1-1-0.dll
0x00007ff902eb0000 - 0x00007ff902eb5000 	C:\Users\Wathsala\.jdks\openjdk-19.0.2\bin\api-ms-win-crt-math-l1-1-0.dll
0x00007ff902ea0000 - 0x00007ff902ea3000 	C:\Users\Wathsala\.jdks\openjdk-19.0.2\bin\api-ms-win-crt-locale-l1-1-0.dll
0x00007ff902e90000 - 0x00007ff902e93000 	C:\Users\Wathsala\.jdks\openjdk-19.0.2\bin\api-ms-win-crt-heap-l1-1-0.dll
0x00007ff917100000 - 0x00007ff91737b000 	C:\Windows\WinSxS\amd64_microsoft.windows.common-controls_6595b64144ccf1df_6.0.9600.19291_none_6248a9f3ecb5e89b\COMCTL32.dll
0x00007ff91bf40000 - 0x00007ff91c0b7000 	C:\Windows\system32\USER32.dll
0x00007ff902e80000 - 0x00007ff902e83000 	C:\Users\Wathsala\.jdks\openjdk-19.0.2\bin\api-ms-win-crt-filesystem-l1-1-0.dll
0x00007ff902e70000 - 0x00007ff902e74000 	C:\Users\Wathsala\.jdks\openjdk-19.0.2\bin\api-ms-win-crt-string-l1-1-0.dll
0x00007ff902e60000 - 0x00007ff902e64000 	C:\Users\Wathsala\.jdks\openjdk-19.0.2\bin\api-ms-win-crt-convert-l1-1-0.dll
0x00007ff91bb90000 - 0x00007ff91bc3a000 	C:\Windows\system32\msvcrt.dll
0x00007ff91b040000 - 0x00007ff91b18c000 	C:\Windows\system32\GDI32.dll
0x00007ff8f41e0000 - 0x00007ff8f42e0000 	C:\Users\Wathsala\.jdks\openjdk-19.0.2\bin\ucrtbase.DLL
0x00007ff91bb50000 - 0x00007ff91bb86000 	C:\Windows\system32\IMM32.DLL
0x00007ff91bd80000 - 0x00007ff91bed1000 	C:\Windows\system32\MSCTF.dll
0x00007ff8fe170000 - 0x00007ff8fe17c000 	C:\Users\Wathsala\.jdks\openjdk-19.0.2\bin\vcruntime140_1.dll
0x00007ff8f5130000 - 0x00007ff8f51be000 	C:\Users\Wathsala\.jdks\openjdk-19.0.2\bin\msvcp140.dll
0x00007ff8fe160000 - 0x00007ff8fe163000 	C:\Users\Wathsala\.jdks\openjdk-19.0.2\bin\api-ms-win-crt-time-l1-1-0.dll
0x00007ff8fe120000 - 0x00007ff8fe123000 	C:\Users\Wathsala\.jdks\openjdk-19.0.2\bin\api-ms-win-crt-utility-l1-1-0.dll
0x00007ff8e9690000 - 0x00007ff8ea350000 	C:\Users\Wathsala\.jdks\openjdk-19.0.2\bin\server\jvm.dll
0x00007ff91b2d0000 - 0x00007ff91b37a000 	C:\Windows\system32\ADVAPI32.dll
0x00007ff912d60000 - 0x00007ff912d69000 	C:\Windows\SYSTEM32\WSOCK32.dll
0x00007ff90e640000 - 0x00007ff90e662000 	C:\Windows\SYSTEM32\WINMM.dll
0x00007ff914420000 - 0x00007ff91442a000 	C:\Windows\SYSTEM32\VERSION.dll
0x00007ff91d6e0000 - 0x00007ff91d739000 	C:\Windows\SYSTEM32\sechost.dll
0x00007ff91b190000 - 0x00007ff91b2d0000 	C:\Windows\system32\RPCRT4.dll
0x00007ff91d680000 - 0x00007ff91d6da000 	C:\Windows\system32\WS2_32.dll
0x00007ff90e610000 - 0x00007ff90e63a000 	C:\Windows\SYSTEM32\WINMMBASE.dll
0x00007ff91abb0000 - 0x00007ff91abde000 	C:\Windows\system32\SspiCli.dll
0x00007ff91c0c0000 - 0x00007ff91c0c9000 	C:\Windows\system32\NSI.dll
0x00007ff91aff0000 - 0x00007ff91b03f000 	C:\Windows\SYSTEM32\cfgmgr32.dll
0x00007ff919920000 - 0x00007ff919948000 	C:\Windows\SYSTEM32\DEVOBJ.dll
0x00007ff8fe110000 - 0x00007ff8fe11a000 	C:\Users\Wathsala\.jdks\openjdk-19.0.2\bin\jimage.dll
0x00007ff90e480000 - 0x00007ff90e609000 	C:\Windows\SYSTEM32\DBGHELP.DLL
0x00007ff8f7810000 - 0x00007ff8f784c000 	C:\Users\Wathsala\.jdks\openjdk-19.0.2\bin\jdwp.dll
0x00007ff915a80000 - 0x00007ff915a8e000 	C:\Users\Wathsala\.jdks\openjdk-19.0.2\bin\instrument.dll
0x00007ff8fe0e0000 - 0x00007ff8fe106000 	C:\Users\Wathsala\.jdks\openjdk-19.0.2\bin\java.dll
0x00007ff8fdb90000 - 0x00007ff8fdba8000 	C:\Users\Wathsala\.jdks\openjdk-19.0.2\bin\zip.dll
0x00007ff8f3860000 - 0x00007ff8f3937000 	C:\Users\Wathsala\.jdks\openjdk-19.0.2\bin\jsvml.dll
0x00007ff91c150000 - 0x00007ff91d67b000 	C:\Windows\system32\SHELL32.dll
0x00007ff91b440000 - 0x00007ff91b650000 	C:\Windows\SYSTEM32\combase.dll
0x00007ff91d740000 - 0x00007ff91d794000 	C:\Windows\system32\SHLWAPI.dll
0x00007ff9192b0000 - 0x00007ff919362000 	C:\Windows\SYSTEM32\SHCORE.dll
0x00007ff91aae0000 - 0x00007ff91aaf5000 	C:\Windows\SYSTEM32\profapi.dll
0x00007ff90f000000 - 0x00007ff90f00c000 	C:\Users\Wathsala\.jdks\openjdk-19.0.2\bin\dt_socket.dll
0x00007ff915a90000 - 0x00007ff915aba000 	C:\Windows\SYSTEM32\IPHLPAPI.DLL
0x00007ff915a50000 - 0x00007ff915a5a000 	C:\Windows\SYSTEM32\WINNSI.DLL
0x00007ff91a310000 - 0x00007ff91a369000 	C:\Windows\system32\mswsock.dll
0x00007ff8fdf10000 - 0x00007ff8fdf23000 	C:\Users\Wathsala\.jdks\openjdk-19.0.2\bin\net.dll
0x00007ff912c40000 - 0x00007ff912d09000 	C:\Windows\SYSTEM32\WINHTTP.dll
0x00007ff8fdca0000 - 0x00007ff8fdcb6000 	C:\Users\Wathsala\.jdks\openjdk-19.0.2\bin\nio.dll
0x00007ff90eff0000 - 0x00007ff90effa000 	C:\Users\Wathsala\.jdks\openjdk-19.0.2\bin\management.dll
0x00007ff90efc0000 - 0x00007ff90efcb000 	C:\Users\Wathsala\.jdks\openjdk-19.0.2\bin\management_ext.dll
0x00007ff91b8d0000 - 0x00007ff91b8d7000 	C:\Windows\system32\PSAPI.DLL

dbghelp: loaded successfully - version: 4.0.5 - missing functions: none
symbol engine: initialized successfully - sym options: 0x614 - pdb path: .;C:\Users\Wathsala\.jdks\openjdk-19.0.2\bin;C:\Windows\SYSTEM32;C:\Windows\WinSxS\amd64_microsoft.windows.common-controls_6595b64144ccf1df_6.0.9600.19291_none_6248a9f3ecb5e89b;C:\Users\Wathsala\.jdks\openjdk-19.0.2\bin\server

VM Arguments:
jvm_args: -agentlib:jdwp=transport=dt_socket,address=127.0.0.1:63510,suspend=y,server=n -javaagent:C:\Users\Wathsala\AppData\Local\JetBrains\IdeaIC2022.2\captureAgent\debugger-agent.jar -Dfile.encoding=UTF-8 -Dsun.stdout.encoding=UTF-8 -Dsun.stderr.encoding=UTF-8 
java_command: com.wathsala.weather.weatherapp.WeatherappApplication
java_class_path (initial): D:\Interviews\weatherapp\weatherapp\target\classes;C:\Users\Wathsala\.m2\repository\org\springframework\boot\spring-boot-starter-thymeleaf\3.0.2\spring-boot-starter-thymeleaf-3.0.2.jar;C:\Users\Wathsala\.m2\repository\org\springframework\boot\spring-boot-starter\3.0.2\spring-boot-starter-3.0.2.jar;C:\Users\Wathsala\.m2\repository\org\springframework\boot\spring-boot-starter-logging\3.0.2\spring-boot-starter-logging-3.0.2.jar;C:\Users\Wathsala\.m2\repository\ch\qos\logback\logback-classic\1.4.5\logback-classic-1.4.5.jar;C:\Users\Wathsala\.m2\repository\ch\qos\logback\logback-core\1.4.5\logback-core-1.4.5.jar;C:\Users\Wathsala\.m2\repository\org\apache\logging\log4j\log4j-to-slf4j\2.19.0\log4j-to-slf4j-2.19.0.jar;C:\Users\Wathsala\.m2\repository\org\apache\logging\log4j\log4j-api\2.19.0\log4j-api-2.19.0.jar;C:\Users\Wathsala\.m2\repository\org\slf4j\jul-to-slf4j\2.0.6\jul-to-slf4j-2.0.6.jar;C:\Users\Wathsala\.m2\repository\jakarta\annotation\jakarta.annotation-api\2.1.1\jakarta.annotation-api-2.1.1.jar;C:\Users\Wathsala\.m2\repository\org\yaml\snakeyaml\1.33\snakeyaml-1.33.jar;C:\Users\Wathsala\.m2\repository\org\thymeleaf\thymeleaf-spring6\3.1.1.RELEASE\thymeleaf-spring6-3.1.1.RELEASE.jar;C:\Users\Wathsala\.m2\repository\org\thymeleaf\thymeleaf\3.1.1.RELEASE\thymeleaf-3.1.1.RELEASE.jar;C:\Users\Wathsala\.m2\repository\org\attoparser\attoparser\2.0.6.RELEASE\attoparser-2.0.6.RELEASE.jar;C:\Users\Wathsala\.m2\repository\org\unbescape\unbescape\1.1.6.RELEASE\unbescape-1.1.6.RELEASE.jar;C:\Users\Wathsala\.m2\repository\org\slf4j\slf4j-api\2.0.6\slf4j-api-2.0.6.jar;C:\Users\Wathsala\.m2\repository\org\springframework\boot\spring-boot-starter-web\3.0.2\spring-boot-starter-web-3.0.2.jar;C:\Users\Wathsala\.m2\repository\org\springframework\boot\spring-boot-starter-json\3.0.2\spring-boot-starter-json-3.0.2.jar;C:\Users\Wathsala\.m2\repository\com\fasterxml\jackson\core\jackson-databind\2.14.1\jackson-databind-2.14.1.jar;C:\Users\Wathsala\.m2\repository\com\fasterxml\jackson\core\jackson-annotations\2.14.1\jackson-annotations-2.14.1.jar;C:\Users\Wathsala\.m2\repository\com\fasterxml\jackson\core\jackson-core\2.14.1\jackson-core-2.14.1.jar;C:\Users\Wathsala\.m2\repository\com\fasterxml\jackson\datatype\jackson-datatype-jdk8\2.14.1\jackson-datatype-jdk8-2.14.1.jar;C:\Users\Wathsala\.m2\repository\com\fasterxml\jackson\datatype\jackson-datatype-jsr310\2.14.1\jackson-datatype-jsr310-2.14.1.jar;C:\Users\Wathsala\.m2\repository\com\fasterxml\jackson\module\jackson-module-parameter-names\2.14.1\jackson-module-parameter-names-2.14.1.jar;C:\Users\Wathsala\.m2\repository\org\springframework\boot\spring-boot-starter-tomcat\3.0.2\spring-boot-starter-tomcat-3.0.2.jar;C:\Users\Wathsala\.m2\repository\org\apache\tomcat\embed\tomcat-embed-core\10.1.5\tomcat-embed-core-10.1.5.jar;C:\Users\Wathsala\.m2\repository\org\apache\tomcat\embed\tomcat-embed-el\10.1.5\tomcat-embed-el-10.1.5.jar;C:\Users\Wathsala\.m2\repository\org\apache\tomcat\embed\tomcat-embed-websocket\10.1.5\tomcat-embed-websocket-10.1.5.jar;C:\Users\Wathsala\.m2\repository\org\springframework\spring-web\6.0.4\spring-web-6.0.4.jar;C:\Users\Wathsala\.m2\repository\org\springframework\spring-beans\6.0.4\spring-beans-6.0.4.jar;C:\Users\Wathsala\.m2\repository\io\micrometer\micrometer-observation\1.10.3\micrometer-observation-1.10.3.jar;C:\Users\Wathsala\.m2\repository\io\micrometer\micrometer-commons\1.10.3\micrometer-commons-1.10.3.jar;C:\Users\Wathsala\.m2\repository\org\springframework\spring-webmvc\6.0.4\spring-webmvc-6.0.4.jar;C:\Users\Wathsala\.m2\repository\org\springframework\spring-aop\6.0.4\spring-aop-6.0.4.jar;C:\Users\Wathsala\.m2\repository\org\springframework\spring-context\6.0.4\spring-context-6.0.4.jar;C:\Users\Wathsala\.m2\repository\org\springframework\spring-expression\6.0.4\spring-expression-6.0.4.jar;C:\Users\Wathsala\.m2\repository\org\springframework\boot\spring-boot-devtools\3.0.2\spring-boot-devtools-3.0.2.jar;C:\Users\Wathsala\.m2\repository\org\springframework\boot\spring-boot\3.0.2\spring-boot-3.0.2.jar;C:\Users\Wathsala\.m2\repository\org\springframework\boot\spring-boot-autoconfigure\3.0.2\spring-boot-autoconfigure-3.0.2.jar;C:\Users\Wathsala\.m2\repository\org\springframework\spring-core\6.0.4\spring-core-6.0.4.jar;C:\Users\Wathsala\.m2\repository\org\springframework\spring-jcl\6.0.4\spring-jcl-6.0.4.jar;C:\Users\Wathsala\.m2\repository\org\webjars\bootstrap\3.3.7-1\bootstrap-3.3.7-1.jar;C:\Users\Wathsala\.m2\repository\org\webjars\jquery\3.1.1\jquery-3.1.1.jar;C:\Program Files\JetBrains\IntelliJ IDEA Community Edition 2022.2.1\lib\idea_rt.jar
Launcher Type: SUN_STANDARD

[Global flags]
     intx CICompilerCount                          = 4                                         {product} {ergonomic}
     uint ConcGCThreads                            = 2                                         {product} {ergonomic}
     uint G1ConcRefinementThreads                  = 8                                         {product} {ergonomic}
   size_t G1HeapRegionSize                         = 1048576                                   {product} {ergonomic}
    uintx GCDrainStackTargetSize                   = 64                                        {product} {ergonomic}
   size_t InitialHeapSize                          = 134217728                                 {product} {ergonomic}
   size_t MarkStackSize                            = 4194304                                   {product} {ergonomic}
   size_t MaxHeapSize                              = 2116026368                                {product} {ergonomic}
   size_t MaxNewSize                               = 1268776960                                {product} {ergonomic}
   size_t MinHeapDeltaBytes                        = 1048576                                   {product} {ergonomic}
   size_t MinHeapSize                              = 8388608                                   {product} {ergonomic}
    uintx NonNMethodCodeHeapSize                   = 5839372                                {pd product} {ergonomic}
    uintx NonProfiledCodeHeapSize                  = 122909434                              {pd product} {ergonomic}
    uintx ProfiledCodeHeapSize                     = 122909434                              {pd product} {ergonomic}
    uintx ReservedCodeCacheSize                    = 251658240                              {pd product} {ergonomic}
     bool SegmentedCodeCache                       = true                                      {product} {ergonomic}
   size_t SoftMaxHeapSize                          = 2116026368                             {manageable} {ergonomic}
     bool UseCompressedClassPointers               = true                           {product lp64_product} {ergonomic}
     bool UseCompressedOops                        = true                           {product lp64_product} {ergonomic}
     bool UseG1GC                                  = true                                      {product} {ergonomic}
     bool UseLargePagesIndividualAllocation        = false                                  {pd product} {ergonomic}

Logging:
Log output configuration:
 #0: stdout all=warning uptime,level,tags foldmultilines=false
 #1: stderr all=off uptime,level,tags foldmultilines=false

Environment Variables:
JAVA_HOME=C:\Program Files\Java\jdk1.8.0_251
PATH=C:\Program Files (x86)\Intel\iCLS Client\;C:\Program Files\Intel\iCLS Client\;C:\Program Files\Microsoft MPI\Bin\;C:\Program Files (x86)\Common Files\Intel\Shared Files\cpp\bin\Intel64;C:\Windows\system32;C:\Windows;C:\Windows\System32\Wbem;C:\Windows\System32\WindowsPowerShell\v1.0\;C:\Program Files\Microsoft SQL Server\130\Tools\Binn\;C:\Program Files\MongoDB\Server\3.4\bin;C:\TDM-GCC-32\bin;C:\Program Files\dotnet\;C:\composer;C:\Program Files\Microsoft SQL Server\Client SDK\ODBC\130\Tools\Binn\;C:\Program Files (x86)\Microsoft SQL Server\140\Tools\Binn\;C:\Program Files\Microsoft SQL Server\140\Tools\Binn\;C:\Program Files\Microsoft SQL Server\140\DTS\Binn\;C:\Program Files (x86)\Microsoft SQL Server\140\DTS\Binn\;C:\Program Files\Microsoft VS Code\bin;C:\Users\Wathsala\AppData\Local\Programs\Python\Python37;C:\Program Files\Intel\Intel(R) Management Engine Components\DAL;C:\Program Files\Intel\Intel(R) Management Engine Components\IPT;C:\Program Files (x86)\Intel\Intel(R) Management Engine Components\DAL;C:\Program Files (x86)\Intel\Intel(R) Management Engine Components\IPT;C:\Program Files\Amazon\AWSCLI\bin\;C:\xampp2\php;C:\Program Files\Apache Software Foundation\Tomcat 9.0\bin;C:\Users\Wathsala\AppData\Local\Programs\Python\Python39\Scripts;C:\Program Files\nodejs\;C:\Program Files\PuTTY\;C:\Program Files\Git\cmd;C:\Program Files\Java\jdk1.8.0_251\bin;C:\Users\Wathsala\AppData\Local\Programs\Python\Python39\Scripts\;C:\Users\Wathsala\AppData\Local\Programs\Python\Python39\;C:\Users\Wathsala\AppData\Local\.meteor\;C:\Users\Wathsala\AppData\Local\Google\Cloud SDK\google-cloud-sdk\bin;C:\Program Files\Microsoft VS Code\bin;C:\Users\Wathsala\AppData\Roaming\Composer\vendor\bin;C:\Program Files\Java\jdk1.8.0_161\bin;E:\java;C:\Users\Wathsala\AppData\Local\Programs\Python\Python37\Scripts;C:\Program Files\Amazon\AWSCLI\bin;C:\Program Files\Java\jdk1.8.0_251\bin;E:\SW\mongo\mongodb-win32-x86_64-windows-4.4.2\bin;C:\Program Files\Apache Software Foundation\Tomcat 9.0\bin;C:\Users\Wathsala\AppData\Roaming\npm;C:\Program Files\Java\jdk1.8.0_251\bin
USERNAME=Wathsala
OS=Windows_NT
PROCESSOR_IDENTIFIER=Intel64 Family 6 Model 58 Stepping 9, GenuineIntel
TMP=C:\Users\Wathsala\AppData\Local\Temp
TEMP=C:\Users\Wathsala\AppData\Local\Temp



---------------  S Y S T E M  ---------------

OS:
 Windows 8.1 , 64 bit Build 9600 (6.3.9600.19326)
OS uptime: 1 days 2:21 hours

CPU: total 8 (initial active 8) (4 cores per cpu, 2 threads per core) family 6 model 58 stepping 9 microcode 0x1b, cx8, cmov, fxsr, ht, mmx, sse, sse2, sse3, ssse3, sse4.1, sse4.2, popcnt, tsc, tscinvbit, avx, aes, erms, clmul, vzeroupper, clflush, rdtscp

Memory: 4k page, system-wide physical 8067M (1203M free)
TotalPageFile size 11139M (AvailPageFile size 4M)
current process WorkingSet (physical memory assigned to process): 116M, peak: 116M
current process commit charge ("private bytes"): 250M, peak: 250M

vm_info: OpenJDK 64-Bit Server VM (19.0.2+7-44) for windows-amd64 JRE (19.0.2+7-44), built on 2022-11-30T18:02:09Z by "mach5one" with MS VC++ 17.1 (VS2022)

END.
